=~=~=~=~=~=~=~=~=~=~=~= PuTTY log 2023.05.20 16:25:17 =~=~=~=~=~=~=~=~=~=~=~=
900

 : 40.80

94982.00 Pa, 0.94 atm
Difference : 0.00, Time : 40.90

94982.00 Pa, 0.94 atm
Difference : 0.00, Time : 41.00

 : 40.80

94982.00 Pa, 0.94 atm
Difference : 0.00, Time : 40.90

94982.00 Pa, 0.94 atm
Difference : 0.00, Time : 41.00

94977.00 Pa, 0.94 atm
Difference : 94977.00, Time : 0.00

94980.00 Pa, 0.94 atm
Difference : 3.00, Time : 0.10

94982.00 Pa, 0.94 atm
Difference : 2.00, Time : 0.20

94979.00 Pa, 0.94 atm
Difference : -3.00, Time : 0.30

94978.00 Pa, 0.94 atm
Difference : -1.00, Time : 0.40

94982.00 Pa, 0.94 atm
Difference : 4.00, Time : 0.50

94984.00 Pa, 0.94 atm
Difference : 2.00, Time : 0.60

94981.00 Pa, 0.94 atm
Difference : -3.00, Time : 0.70

94982.00 Pa, 0.94 atm
Difference : 1.00, Time : 0.80

94985.00 Pa, 0.94 atm
Difference : 3.00, Time : 0.90

94986.00 Pa, 0.94 atm
Difference : 1.00, Time : 1.00

94986.00 Pa, 0.94 atm
Difference : 0.00, Time : 1.10

94980.00 Pa, 0.94 atm
Difference : -6.00, Time : 1.20

94983.00 Pa, 0.94 atm
Difference : 3.00, Time : 1.30

94984.00 Pa, 0.94 atm
Difference : 1.00, Time : 1.40

94985.00 Pa, 0.94 atm
Difference : 1.00, Time : 1.50

94983.00 Pa, 0.94 atm
Difference : -2.00, Time : 1.60

94981.00 Pa, 0.94 atm
Difference : -2.00, Time : 1.70

94985.00 Pa, 0.94 atm
Difference : 4.00, Time : 1.80

94986.00 Pa, 0.94 atm
Difference : 1.00, Time : 1.90

94972.00 Pa, 0.94 atm
Difference : -14.00, Time : 2.00

94972.00 Pa, 0.94 atm
Difference : 0.00, Time : 2.10

94954.00 Pa, 0.94 atm
Difference : -18.00, Time : 2.20

94934.00 Pa, 0.94 atm
Difference : -20.00, Time : 2.30

94936.00 Pa, 0.94 atm
Difference : 2.00, Time : 2.40

94948.00 Pa, 0.94 atm
Difference : 12.00, Time : 2.50

94973.00 Pa, 0.94 atm
Difference : 25.00, Time : 2.60

94982.00 Pa, 0.94 atm
Difference : 9.00, Time : 2.70

94989.00 Pa, 0.94 atm
Difference : 7.00, Time : 2.80

97002.00 Pa, 0.96 atm
Difference : 2013.00, Time : 2.90

98845.00 Pa, 0.98 atm
Difference : 1843.00, Time : 3.00

100375.00 Pa, 0.99 atm
Difference : 1530.00, Time : 3.10

102448.00 Pa, 1.01 atm
Difference : 2073.00, Time : 3.20

104841.00 Pa, 1.03 atm
Difference : 2393.00, Time : 3.30

105712.00 Pa, 1.04 atm
Difference : 871.00, Time : 3.40

105573.00 Pa, 1.04 atm
Difference : -139.00, Time : 3.50

105946.00 Pa, 1.05 atm
Difference : 373.00, Time : 3.60

106097.00 Pa, 1.05 atm
Difference : 151.00, Time : 3.70

106134.00 Pa, 1.05 atm
Difference : 37.00, Time : 3.80

106380.00 Pa, 1.05 atm
Difference : 246.00, Time : 3.90

106428.00 Pa, 1.05 atm
Difference : 48.00, Time : 4.00

106368.00 Pa, 1.05 atm
Difference : -60.00, Time : 4.10

106201.00 Pa, 1.05 atm
Difference : -167.00, Time : 4.20

106121.00 Pa, 1.05 atm
Difference : -80.00, Time : 4.30

106315.00 Pa, 1.05 atm
Difference : 194.00, Time : 4.40

105604.00 Pa, 1.04 atm
Difference : -711.00, Time : 4.50

105703.00 Pa, 1.04 atm
Difference : 99.00, Time : 4.60

105831.00 Pa, 1.04 atm
Difference : 128.00, Time : 4.70

105810.00 Pa, 1.04 atm
Difference : -21.00, Time : 4.80

105760.00 Pa, 1.04 atm
Difference : -50.00, Time : 4.90

106001.00 Pa, 1.05 atm
Difference : 241.00, Time : 5.00

105723.00 Pa, 1.04 atm
Difference : -278.00, Time : 5.10

105644.00 Pa, 1.04 atm
Difference : -79.00, Time : 5.20

105460.00 Pa, 1.04 atm
Difference : -184.00, Time : 5.30

105776.00 Pa, 1.04 atm
Difference : 316.00, Time : 5.40

105612.00 Pa, 1.04 atm
Difference : -164.00, Time : 5.50

105494.00 Pa, 1.04 atm
Difference : -118.00, Time : 5.60

105538.00 Pa, 1.04 atm
Difference : 44.00, Time : 5.70

105392.00 Pa, 1.04 atm
Difference : -146.00, Time : 5.80

106498.00 Pa, 1.05 atm
Difference : 1106.00, Time : 5.90

105562.00 Pa, 1.04 atm
Difference : -936.00, Time : 6.00

95661.00 Pa, 0.94 atm
Difference : -9901.00, Time : 6.10

94981.00 Pa, 0.94 atm
Difference : -680.00, Time : 6.20

94978.00 Pa, 0.94 atm
Difference : -3.00, Time : 6.30

94985.00 Pa, 0.94 atm
Difference : 7.00, Time : 6.40

94983.00 Pa, 0.94 atm
Difference : -2.00, Time : 6.50

94982.00 Pa, 0.94 atm
Difference : -1.00, Time : 6.60

94980.00 Pa, 0.94 atm
Difference : -2.00, Time : 6.70

94989.00 Pa, 0.94 atm
Difference : 9.00, Time : 6.80

94986.00 Pa, 0.94 atm
Difference : -3.00, Time : 6.90

94985.00 Pa, 0.94 atm
Difference : -1.00, Time : 7.00

94992.00 Pa, 0.94 atm
Difference : 7.00, Time : 7.10

94983.00 Pa, 0.94 atm
Difference : -9.00, Time : 7.20

9