=~=~=~=~=~=~=~=~=~=~=~= PuTTY log 2023.05.20 16:26:16 =~=~=~=~=~=~=~=~=~=~=~=

Difference : 1.00, Time : 41.80

94987.00 Pa, 0.94 atm
Difference : 5.00, Time : 41.90

 : 41.70

94982.00 Pa, 0.94 atm
Difference : 1.00, Time : 41.80

94987.00 Pa, 0.94 atm
Difference : 5.00, Time : 41.90

94987.00 Pa, 0.94 atm
Difference : 94987.00, Time : 0.00

94980.00 Pa, 0.94 atm
Difference : -7.00, Time : 0.10

94981.00 Pa, 0.94 atm
Difference : 1.00, Time : 0.20

94971.00 Pa, 0.94 atm
Difference : -10.00, Time : 0.30

94965.00 Pa, 0.94 atm
Difference : -6.00, Time : 0.40

94966.00 Pa, 0.94 atm
Difference : 1.00, Time : 0.50

94973.00 Pa, 0.94 atm
Difference : 7.00, Time : 0.60

94979.00 Pa, 0.94 atm
Difference : 6.00, Time : 0.70

94983.00 Pa, 0.94 atm
Difference : 4.00, Time : 0.80

94977.00 Pa, 0.94 atm
Difference : -6.00, Time : 0.90

94985.00 Pa, 0.94 atm
Difference : 8.00, Time : 1.00

94985.00 Pa, 0.94 atm
Difference : 0.00, Time : 1.10

94988.00 Pa, 0.94 atm
Difference : 3.00, Time : 1.20

94983.00 Pa, 0.94 atm
Difference : -5.00, Time : 1.30

94983.00 Pa, 0.94 atm
Difference : 0.00, Time : 1.40

94963.00 Pa, 0.94 atm
Difference : -20.00, Time : 1.50

94977.00 Pa, 0.94 atm
Difference : 14.00, Time : 1.60

94972.00 Pa, 0.94 atm
Difference : -5.00, Time : 1.70

94959.00 Pa, 0.94 atm
Difference : -13.00, Time : 1.80

94946.00 Pa, 0.94 atm
Difference : -13.00, Time : 1.90

94985.00 Pa, 0.94 atm
Difference : 39.00, Time : 2.00

96379.00 Pa, 0.95 atm
Difference : 1394.00, Time : 2.10

97227.00 Pa, 0.96 atm
Difference : 848.00, Time : 2.20

97725.00 Pa, 0.96 atm
Difference : 498.00, Time : 2.30

99007.00 Pa, 0.98 atm
Difference : 1282.00, Time : 2.40

100246.00 Pa, 0.99 atm
Difference : 1239.00, Time : 2.50

101308.00 Pa, 1.00 atm
Difference : 1062.00, Time : 2.60

102332.00 Pa, 1.01 atm
Difference : 1024.00, Time : 2.70

103911.00 Pa, 1.03 atm
Difference : 1579.00, Time : 2.80

105244.00 Pa, 1.04 atm
Difference : 1333.00, Time : 2.90

105991.00 Pa, 1.05 atm
Difference : 747.00, Time : 3.00

106320.00 Pa, 1.05 atm
Difference : 329.00, Time : 3.10

107110.00 Pa, 1.06 atm
Difference : 790.00, Time : 3.20

107058.00 Pa, 1.06 atm
Difference : -52.00, Time : 3.30

107518.00 Pa, 1.06 atm
Difference : 460.00, Time : 3.40

107740.00 Pa, 1.06 atm
Difference : 222.00, Time : 3.50

107592.00 Pa, 1.06 atm
Difference : -148.00, Time : 3.60

107598.00 Pa, 1.06 atm
Difference : 6.00, Time : 3.70

107562.00 Pa, 1.06 atm
Difference : -36.00, Time : 3.80

107794.00 Pa, 1.06 atm
Difference : 232.00, Time : 3.90

107839.00 Pa, 1.06 atm
Difference : 45.00, Time : 4.00

107645.00 Pa, 1.06 atm
Difference : -194.00, Time : 4.10

107684.00 Pa, 1.06 atm
Difference : 39.00, Time : 4.20

107702.00 Pa, 1.06 atm
Difference : 18.00, Time : 4.30

107921.00 Pa, 1.07 atm
Difference : 219.00, Time : 4.40

107594.00 Pa, 1.06 atm
Difference : -327.00, Time : 4.50

107420.00 Pa, 1.06 atm
Difference : -174.00, Time : 4.60

107697.00 Pa, 1.06 atm
Difference : 277.00, Time : 4.70

106650.00 Pa, 1.05 atm
Difference : -1047.00, Time : 4.80

95372.00 Pa, 0.94 atm
Difference : -11278.00, Time : 4.90

94983.00 Pa, 0.94 atm
Difference : -389.00, Time : 5.00

94988.00 Pa, 0.94 atm
Difference : 5.00, Time : 5.10

94981.00 Pa, 0.94 atm
Difference : -7.00, Time : 5.20

94981.00 Pa, 0.94 atm
Difference : 0.00, Time : 5.30

94980.00 Pa, 0.94 atm
Difference : -1.00, Time : 5.40

94984.00 Pa, 0.94 atm
Difference : 4.00, Time : 5.50

94983.00 Pa, 0.94 atm
Difference : -1.00, Time : 5.60

94980.00 Pa, 0.94 atm
Difference : -3.00, Time : 5.70

94984.00 Pa, 0.94 atm
Difference : 4.00, Time : 5.80

94981.00 Pa, 0.94 atm
Difference : -3.00, Time : 5.90

94988.00 Pa, 0.94 atm
Difference : 7.00, Time : 6.00

94982.00 Pa, 0.94 atm
Difference : -6.00, Time : 6.10

9