=~=~=~=~=~=~=~=~=~=~=~= PuTTY log 2023.05.20 16:27:05 =~=~=~=~=~=~=~=~=~=~=~=
.00 34.80

94990.00 Pa, 0.94 atm
Difference : 4.00, Time : 34.90

: 34.70

94986.00 Pa, 0.94 atm
Difference : -1.00, Time : 34.80

94990.00 Pa, 0.94 atm
Difference : 4.00, Time : 34.90

: 34.70

94986.00 Pa, 0.94 atm
Difference : -1.00, Time : 34.80

94990.00 Pa, 0.94 atm
Difference : 4.00, Time : 34.90

94984.00 Pa, 0.94 atm
Difference : 94984.00, Time : 0.00

94985.00 Pa, 0.94 atm
Difference : 1.00, Time : 0.10

94989.00 Pa, 0.94 atm
Difference : 4.00, Time : 0.20

94978.00 Pa, 0.94 atm
Difference : -11.00, Time : 0.30

94985.00 Pa, 0.94 atm
Difference : 7.00, Time : 0.40

94986.00 Pa, 0.94 atm
Difference : 1.00, Time : 0.50

94984.00 Pa, 0.94 atm
Difference : -2.00, Time : 0.60

94984.00 Pa, 0.94 atm
Difference : 0.00, Time : 0.70

94992.00 Pa, 0.94 atm
Difference : 8.00, Time : 0.80

94986.00 Pa, 0.94 atm
Difference : -6.00, Time : 0.90

94989.00 Pa, 0.94 atm
Difference : 3.00, Time : 1.00

94990.00 Pa, 0.94 atm
Difference : 1.00, Time : 1.10

94989.00 Pa, 0.94 atm
Difference : -1.00, Time : 1.20

94983.00 Pa, 0.94 atm
Difference : -6.00, Time : 1.30

94980.00 Pa, 0.94 atm
Difference : -3.00, Time : 1.40

94984.00 Pa, 0.94 atm
Difference : 4.00, Time : 1.50

94978.00 Pa, 0.94 atm
Difference : -6.00, Time : 1.60

94962.00 Pa, 0.94 atm
Difference : -16.00, Time : 1.70

94953.00 Pa, 0.94 atm
Difference : -9.00, Time : 1.80

94955.00 Pa, 0.94 atm
Difference : 2.00, Time : 1.90

94956.00 Pa, 0.94 atm
Difference : 1.00, Time : 2.00

94965.00 Pa, 0.94 atm
Difference : 9.00, Time : 2.10

95669.00 Pa, 0.94 atm
Difference : 704.00, Time : 2.20

97751.00 Pa, 0.96 atm
Difference : 2082.00, Time : 2.30

99029.00 Pa, 0.98 atm
Difference : 1278.00, Time : 2.40

100747.00 Pa, 0.99 atm
Difference : 1718.00, Time : 2.50

102950.00 Pa, 1.02 atm
Difference : 2203.00, Time : 2.60

104547.00 Pa, 1.03 atm
Difference : 1597.00, Time : 2.70

105048.00 Pa, 1.04 atm
Difference : 501.00, Time : 2.80

105861.00 Pa, 1.04 atm
Difference : 813.00, Time : 2.90

106080.00 Pa, 1.05 atm
Difference : 219.00, Time : 3.00

106442.00 Pa, 1.05 atm
Difference : 362.00, Time : 3.10

106682.00 Pa, 1.05 atm
Difference : 240.00, Time : 3.20

106676.00 Pa, 1.05 atm
Difference : -6.00, Time : 3.30

106686.00 Pa, 1.05 atm
Difference : 10.00, Time : 3.40

107207.00 Pa, 1.06 atm
Difference : 521.00, Time : 3.50

107157.00 Pa, 1.06 atm
Difference : -50.00, Time : 3.60

106877.00 Pa, 1.05 atm
Difference : -280.00, Time : 3.70

106897.00 Pa, 1.05 atm
Difference : 20.00, Time : 3.80

106501.00 Pa, 1.05 atm
Difference : -396.00, Time : 3.90

106789.00 Pa, 1.05 atm
Difference : 288.00, Time : 4.00

107016.00 Pa, 1.06 atm
Difference : 227.00, Time : 4.10

107034.00 Pa, 1.06 atm
Difference : 18.00, Time : 4.20

106755.00 Pa, 1.05 atm
Difference : -279.00, Time : 4.30

106811.00 Pa, 1.05 atm
Difference : 56.00, Time : 4.40

106666.00 Pa, 1.05 atm
Difference : -145.00, Time : 4.50

106632.00 Pa, 1.05 atm
Difference : -34.00, Time : 4.60

106506.00 Pa, 1.05 atm
Difference : -126.00, Time : 4.70

106325.00 Pa, 1.05 atm
Difference : -181.00, Time : 4.80

106669.00 Pa, 1.05 atm
Difference : 344.00, Time : 4.90

98816.00 Pa, 0.98 atm
Difference : -7853.00, Time : 5.00

94990.00 Pa, 0.94 atm
Difference : -3826.00, Time : 5.10

94990.00 Pa, 0.94 atm
Difference : 0.00, Time : 5.20

94990.00 Pa, 0.94 atm
Difference : 0.00, Time : 5.30

94990.00 Pa, 0.94 atm
Difference : 0.00, Time : 5.40

94986.00 Pa, 0.94 atm
Difference : -4.00, Time : 5.50

94982.00 Pa, 0.94 atm
Difference : -4.00, Time : 5.60

94987.00 Pa, 0.94 atm
Difference : 5.00, Time : 5.70

94993.00 Pa, 0.94 atm
Difference : 6.00, Time : 5.80

94983.00 Pa, 0.94 atm
Difference : -10.00, Time : 5.90

94989.00 Pa, 0.94 atm
Difference : 6.00, Time : 6.00

94992.00 Pa, 0.94 atm
Difference : 3.00, Time : 6.10

94992.00 Pa, 0.94 atm
Difference : 0.00, Time : 6.20

94990.00 Pa, 0.94 atm
Difference : -2.00, Time : 6.30

94992.00 Pa, 0.94 atm
Difference : 2.00, Time : 6.40

94983.00 Pa,