=~=~=~=~=~=~=~=~=~=~=~= PuTTY log 2023.05.19 11:53:17 =~=~=~=~=~=~=~=~=~=~=~=
=  Time : 235.61

Pressure = 94837 Pa
Difference : 8, Time : 235.71

Pressure = 5.51

Pressure = 94829 Pa
Difference : -2, Time : 235.61

Pressure = 94837 Pa
Difference : 8, Time : 235.71

Pressure = Pressure = 94831 Pa
Difference : 94831, Time : 0.00

Pressure = 94830 Pa
Difference : -1, Time : 0.10

Pressure = 94829 Pa
Difference : -1, Time : 0.20

Pressure = 94829 Pa
Difference : 0, Time : 0.30

Pressure = 94827 Pa
Difference : -2, Time : 0.40

Pressure = 94834 Pa
Difference : 7, Time : 0.50

Pressure = 94832 Pa
Difference : -2, Time : 0.60

Pressure = 94831 Pa
Difference : -1, Time : 0.70

Pressure = 94826 Pa
Difference : -5, Time : 0.80

Pressure = 94831 Pa
Difference : 5, Time : 0.90

Pressure = 94832 Pa
Difference : 1, Time : 1.00

Pressure = 94833 Pa
Difference : 1, Time : 1.10

Pressure = 94829 Pa
Difference : -4, Time : 1.20

Pressure = 94833 Pa
Difference : 4, Time : 1.30

Pressure = 94829 Pa
Difference : -4, Time : 1.40

Pressure = 94828 Pa
Difference : -1, Time : 1.50

Pressure = 94822 Pa
Difference : -6, Time : 1.60

Pressure = 94827 Pa
Difference : 5, Time : 1.70

Pressure = 94824 Pa
Difference : -3, Time : 1.80

Pressure = 94783 Pa
Difference : -41, Time : 1.90

Pressure = 94752 Pa
Difference : -31, Time : 2.00

Pressure = 94750 Pa
Difference : -2, Time : 2.10

Pressure = 94723 Pa
Difference : -27, Time : 2.20

Pressure = 94809 Pa
Difference : 86, Time : 2.30

Pressure = 94828 Pa
Difference : 19, Time : 2.40

Pressure = 97103 Pa
Difference : 2275, Time : 2.50

Pressure = 99693 Pa
Difference : 2590, Time : 2.60

Pressure = 101138 Pa
Difference : 1445, Time : 2.70

Pressure = 103162 Pa
Difference : 2024, Time : 2.80

Pressure = 104874 Pa
Difference : 1712, Time : 2.90

Pressure = 105682 Pa
Difference : 808, Time : 3.00

Pressure = 105629 Pa
Difference : -53, Time : 3.10

Pressure = 105765 Pa
Difference : 136, Time : 3.20

Pressure = 105401 Pa
Difference : -364, Time : 3.30

Pressure = 105674 Pa
Difference : 273, Time : 3.40

Pressure = 105564 Pa
Difference : -110, Time : 3.50

Pressure = 105589 Pa
Difference : 25, Time : 3.60

Pressure = 105612 Pa
Difference : 23, Time : 3.70

Pressure = 105463 Pa
Difference : -149, Time : 3.80

Pressure = 105303 Pa
Difference : -160, Time : 3.90

Pressure = 105262 Pa
Difference : -41, Time : 4.00

Pressure = 103595 Pa
Difference : -1667, Time : 4.10

Pressure = 94829 Pa
Difference : -8766, Time : 4.20

Pressure = 94830 Pa
Difference : 1, Time : 4.30

Pressure = 94828 Pa
Difference : -2, Time : 4.40

Pressure = 94835 Pa
Difference : 7, Time : 4.50

Pressure = 94831 Pa
Difference : -4, Time : 4.60

Pressure = 94829 Pa
Difference : -2, Time : 4.70

Pressure = 94833 Pa
Difference : 4, Time : 4.80

Pressure = 94831 Pa
Difference : -2, Time : 4.90

Pressure = 94826 Pa
Difference : -5, Time : 5.00

Pressure = 94827 Pa
Difference : 1, Time : 5.10

Pressure = 94829 Pa
Difference : 2, Time : 5.20

Pressure = 94834 Pa
Difference : 5, Time : 5.30

Pressure = 94831 Pa
Difference : -3, Time : 5.40

Pressure = 94829 Pa
Difference : -2, Time : 5.50

Pressure = 94826 Pa
Difference : -3, Time : 5.60

Pressure = 94826 Pa
Difference : 0, Time : 5.70

Pressure = 94832 Pa
Difference : 6, Time : 5.80

Pressure = 94828 Pa
Difference : -4, Time : 5.90

Pressure = 94829 Pa
Difference : 1, Time : 6.00

Pressure = 94829 Pa
Difference : 0, Time : 6.10

Pressure