=~=~=~=~=~=~=~=~=~=~=~= PuTTY log 2023.05.19 11:54:17 =~=~=~=~=~=~=~=~=~=~=~=
Pres
Pressure = 42.80

Pressure = 94833 Pa
Difference : -3, Time : 42.90

Pressure = 94827 Pa
Difference : -6, Time : 43.00

Pressure = 42.80

Pressure = 94833 Pa
Difference : -3, Time : 42.90

Pressure = 94827 Pa
Difference : -6, Time : 43.00

Pressure = 42.80

Pressure = 94833 Pa
Difference : -3, Time : 42.90

Pressure = 94827 Pa
Difference : -6, Time : 43.00

Pressure = Pressure = 94832 Pa
Difference : 94832, Time : 0.00

Pressure = 94828 Pa
Difference : -4, Time : 0.10

Pressure = 94826 Pa
Difference : -2, Time : 0.20

Pressure = 94826 Pa
Difference : 0, Time : 0.30

Pressure = 94830 Pa
Difference : 4, Time : 0.40

Pressure = 94828 Pa
Difference : -2, Time : 0.50

Pressure = 94827 Pa
Difference : -1, Time : 0.60

Pressure = 94823 Pa
Difference : -4, Time : 0.70

Pressure = 94827 Pa
Difference : 4, Time : 0.80

Pressure = 94823 Pa
Difference : -4, Time : 0.90

Pressure = 94822 Pa
Difference : -1, Time : 1.00

Pressure = 94822 Pa
Difference : 0, Time : 1.10

Pressure = 94829 Pa
Difference : 7, Time : 1.20

Pressure = 94825 Pa
Difference : -4, Time : 1.30

Pressure = 94829 Pa
Difference : 4, Time : 1.40

Pressure = 94823 Pa
Difference : -6, Time : 1.50

Pressure = 94823 Pa
Difference : 0, Time : 1.60

Pressure = 94795 Pa
Difference : -28, Time : 1.70

Pressure = 94785 Pa
Difference : -10, Time : 1.80

Pressure = 94767 Pa
Difference : -18, Time : 1.90

Pressure = 94763 Pa
Difference : -4, Time : 2.00

Pressure = 94783 Pa
Difference : 20, Time : 2.10

Pressure = 95048 Pa
Difference : 265, Time : 2.20

Pressure = 97491 Pa
Difference : 2443, Time : 2.30

Pressure = 98924 Pa
Difference : 1433, Time : 2.40

Pressure = 100464 Pa
Difference : 1540, Time : 2.50

Pressure = 101707 Pa
Difference : 1243, Time : 2.60

Pressure = 102909 Pa
Difference : 1202, Time : 2.70

Pressure = 105160 Pa
Difference : 2251, Time : 2.80

Pressure = 104896 Pa
Difference : -264, Time : 2.90

Pressure = 105089 Pa
Difference : 193, Time : 3.00

Pressure = 104909 Pa
Difference : -180, Time : 3.10

Pressure = 105216 Pa
Difference : 307, Time : 3.20

Pressure = 105172 Pa
Difference : -44, Time : 3.30

Pressure = 105060 Pa
Difference : -112, Time : 3.40

Pressure = 105007 Pa
Difference : -53, Time : 3.50

Pressure = 104893 Pa
Difference : -114, Time : 3.60

Pressure = 105296 Pa
Difference : 403, Time : 3.70

Pressure = 104630 Pa
Difference : -666, Time : 3.80

Pressure = 105273 Pa
Difference : 643, Time : 3.90

Pressure = 96120 Pa
Difference : -9153, Time : 4.00

Pressure = 94823 Pa
Difference : -1297, Time : 4.10

Pressure = 94831 Pa
Difference : 8, Time : 4.20

Pressure = 94833 Pa
Difference : 2, Time : 4.30

Pressure = 94826 Pa
Difference : -7, Time : 4.40

Pressure = 94823 Pa
Difference : -3, Time : 4.50

Pressure = 94827 Pa
Difference : 4, Time : 4.60

Pressure = 94817 Pa
Difference : -10, Time : 4.70

Pressure = 94821 Pa
Difference : 4, Time : 4.80

Pressure = 94830 Pa
Difference : 9, Time : 4.90

Pressure = 94828 Pa
Difference : -2, Time : 5.00

Pressure = 94830 Pa
Difference : 2, Time : 5.10

Pressure = 94825 Pa
Difference : -5, Time : 5.20

Pressure = 94827 Pa
Difference : 2, Time : 5.30

Pressure = 94826 Pa
Difference : -1, Time : 5.40

Pressure = 94827 Pa
Difference : 1, Time : 5.50

Pressure = 94828 Pa
Difference : 1, Time : 5.60

Pressure = 94825 Pa
Difference : -3, Time : 5.70

P