=~=~=~=~=~=~=~=~=~=~=~= PuTTY log 2023.05.19 11:42:02 =~=~=~=~=~=~=~=~=~=~=~=
P, Time : 57.50

Pressure = 7.30

Pressure = 94836 Pa
Difference : -11, Time : 57.40

Pressure = 94847 Pa
Difference : 11, Time : 57.50

Pressure = Pressure = 94837 Pa
Difference : 94837, Time : 0.00

Pressure = 94847 Pa
Difference : 10, Time : 0.10

Pressure = 94843 Pa
Difference : -4, Time : 0.20

Pressure = 94839 Pa
Difference : -4, Time : 0.30

Pressure = 94843 Pa
Difference : 4, Time : 0.40

Pressure = 94840 Pa
Difference : -3, Time : 0.50

Pressure = 94846 Pa
Difference : 6, Time : 0.60

Pressure = 94837 Pa
Difference : -9, Time : 0.70

Pressure = 94844 Pa
Difference : 7, Time : 0.80

Pressure = 94840 Pa
Difference : -4, Time : 0.90

Pressure = 94837 Pa
Difference : -3, Time : 1.00

Pressure = 94841 Pa
Difference : 4, Time : 1.10

Pressure = 94836 Pa
Difference : -5, Time : 1.20

Pressure = 94839 Pa
Difference : 3, Time : 1.30

Pressure = 94847 Pa
Difference : 8, Time : 1.40

Pressure = 94840 Pa
Difference : -7, Time : 1.50

Pressure = 94838 Pa
Difference : -2, Time : 1.60

Pressure = 94845 Pa
Difference : 7, Time : 1.70

Pressure = 94842 Pa
Difference : -3, Time : 1.80

Pressure = 94844 Pa
Difference : 2, Time : 1.90

Pressure = 94845 Pa
Difference : 1, Time : 2.00

Pressure = 94845 Pa
Difference : 0, Time : 2.10

Pressure = 94845 Pa
Difference : 0, Time : 2.20

Pressure = 94839 Pa
Difference : -6, Time : 2.30

Pressure = 94798 Pa
Difference : -41, Time : 2.40

Pressure = 94768 Pa
Difference : -30, Time : 2.50

Pressure = 94744 Pa
Difference : -24, Time : 2.60

Pressure = 95141 Pa
Difference : 397, Time : 2.70

Pressure = 100647 Pa
Difference : 5506, Time : 2.80

Pressure = 102811 Pa
Difference : 2164, Time : 2.90

Pressure = 103268 Pa
Difference : 457, Time : 3.00

Pressure = 103740 Pa
Difference : 472, Time : 3.10

Pressure = 105651 Pa
Difference : 1911, Time : 3.20

Pressure = 105247 Pa
Difference : -404, Time : 3.30

Pressure = 104901 Pa
Difference : -346, Time : 3.40

Pressure = 104545 Pa
Difference : -356, Time : 3.50

Pressure = 104357 Pa
Difference : -188, Time : 3.60

Pressure = 104171 Pa
Difference : -186, Time : 3.70

Pressure = 103958 Pa
Difference : -213, Time : 3.80

Pressure = 103883 Pa
Difference : -75, Time : 3.90

Pressure = 103726 Pa
Difference : -157, Time : 4.00

Pressure = 105238 Pa
Difference : 1512, Time : 4.10

Pressure = 99809 Pa
Difference : -5429, Time : 4.20

Pressure = 94834 Pa
Difference : -4975, Time : 4.30

Pressure = 94841 Pa
Difference : 7, Time : 4.40

Pressure = 94838 Pa
Difference : -3, Time : 4.50

Pressure = 94841 Pa
Difference : 3, Time : 4.60

Pressure = 94842 Pa
Difference : 1, Time : 4.70

Pressure = 94840 Pa
Difference : -2, Time : 4.80

Pressure = 94843 Pa
Difference : 3, Time : 4.90

Pressure = 94847 Pa
Difference : 4, Time : 5.00

Pressure = 94844 Pa
Difference : -3, Time : 5.10

Pressure = 94844 Pa
Difference : 0, Time : 5.20

Pressure = 94845 Pa
Difference : 1, Time : 5.30

Pressure = 94841 Pa
Difference : -4, Time : 5.40

Pressure = 94843 Pa
Difference : 2, Time : 5.50

Pressure = 94838 Pa
Difference : -5, Time : 5.60

Pressure = 94839 Pa
Difference : 1, Time : 5.70

Pressure = 94835 Pa
Difference : -4, Time : 5.80

Pressure = 94834 Pa
Difference : -1, Time : 5.90

Pressure = 94836 Pa
Difference : 2, Time : 6.00

Pressure = 94844 Pa
Difference : 8, Time : 6.10

Pressure = 94842 Pa
Difference : -2, Time : 6.20

Pressure = 94834 Pa
Difference : -8, Time : 6.30

Pressure = 94839 Pa
Difference : 5, Time : 6.40

Pressure = 94838 Pa
Difference : -1, Time : 6.50

Pressure = 94834 Pa
Difference : -4, Time : 6.60

Pressure = 94838 Pa
Difference : 4, Time : 6.70

Pressure = 94841 Pa
Difference : 3, Time : 6.80

Pressure = 94837 Pa
Difference : -4, Time : 6.90

Pressure = 94838 Pa
Difference : 1, Time : 7.00

Pressure = 94839 Pa
Difference : 1, Time : 7.10

Pressure = 94840 Pa
Difference : 1, Time : 7.20

Pressure = 94841 Pa
Difference : 1, Time : 7.30

Pressure = 94835 Pa
Difference : -6, Time : 7.40

Pressure = 94840 Pa
Difference : 5, Time : 7.50

Pressure = 94843 Pa
Difference : 3, Time : 7.60

Pressure = 94838 Pa
Difference : -5, Time : 7.70

Pressure = 94842 Pa
Difference : 4, Time : 7.80

Pressure = 94835 Pa
Difference : -7, Time : 7.90

Pressure = 94839 Pa
Difference : 4, Time : 8.00

Pressure = 94838 Pa
Difference : -1, Time : 8.10

Pressure = 9