=~=~=~=~=~=~=~=~=~=~=~= PuTTY log 2023.05.19 11:43:37 =~=~=~=~=~=~=~=~=~=~=~=
4840: 54.20

Pressure = 94843 Pa
Difference : -11, Time : 54.30

Pressure = 94847 Pa
Difference Pressure = 94847 Pa
Difference : 94847, Time : 0.00

Pressure = 94854 Pa
Difference : 7, Time : 0.10

Pressure = 94851 Pa
Difference : -3, Time : 0.20

Pressure = 94851 Pa
Difference : 0, Time : 0.30

Pressure = 94836 Pa
Difference : -15, Time : 0.40

Pressure = 94856 Pa
Difference : 20, Time : 0.50

Pressure = 94844 Pa
Difference : -12, Time : 0.60

Pressure = 94846 Pa
Difference : 2, Time : 0.70

Pressure = 94853 Pa
Difference : 7, Time : 0.80

Pressure = 94854 Pa
Difference : 1, Time : 0.90

Pressure = 94848 Pa
Difference : -6, Time : 1.00

Pressure = 94846 Pa
Difference : -2, Time : 1.10

Pressure = 94841 Pa
Difference : -5, Time : 1.20

Pressure = 94850 Pa
Difference : 9, Time : 1.30

Pressure = 94854 Pa
Difference : 4, Time : 1.40

Pressure = 94851 Pa
Difference : -3, Time : 1.50

Pressure = 94850 Pa
Difference : -1, Time : 1.60

Pressure = 94846 Pa
Difference : -4, Time : 1.70

Pressure = 94849 Pa
Difference : 3, Time : 1.80

Pressure = 94851 Pa
Difference : 2, Time : 1.90

Pressure = 94837 Pa
Difference : -14, Time : 2.00

Pressure = 94823 Pa
Difference : -14, Time : 2.10

Pressure = 94803 Pa
Difference : -20, Time : 2.20

Pressure = 94801 Pa
Difference : -2, Time : 2.30

Pressure = 94804 Pa
Difference : 3, Time : 2.40

Pressure = 94809 Pa
Difference : 5, Time : 2.50

Pressure = 94963 Pa
Difference : 154, Time : 2.60

Pressure = 97806 Pa
Difference : 2843, Time : 2.70

Pressure = 100098 Pa
Difference : 2292, Time : 2.80

Pressure = 102351 Pa
Difference : 2253, Time : 2.90

Pressure = 104602 Pa
Difference : 2251, Time : 3.00

Pressure = 105259 Pa
Difference : 657, Time : 3.10

Pressure = 104769 Pa
Difference : -490, Time : 3.20

Pressure = 104621 Pa
Difference : -148, Time : 3.30

Pressure = 104460 Pa
Difference : -161, Time : 3.40

Pressure = 104420 Pa
Difference : -40, Time : 3.50

Pressure = 104323 Pa
Difference : -97, Time : 3.60

Pressure = 104220 Pa
Difference : -103, Time : 3.70

Pressure = 104475 Pa
Difference : 255, Time : 3.80

Pressure = 104073 Pa
Difference : -402, Time : 3.90

Pressure = 104241 Pa
Difference : 168, Time : 4.00

Pressure = 104274 Pa
Difference : 33, Time : 4.10

Pressure = 104245 Pa
Difference : -29, Time : 4.20

Pressure = 104174 Pa
Difference : -71, Time : 4.30

Pressure = 100306 Pa
Difference : -3868, Time : 4.40

Pressure = 94850 Pa
Difference : -5456, Time : 4.50

Pressure = 94848 Pa
Difference : -2, Time : 4.60

Pressure = 94851 Pa
Difference : 3, Time : 4.70

Pressure = 94849 Pa
Difference : -2, Time : 4.80

Pressure = 94851 Pa
Difference : 2, Time : 4.90

Pressure = 94847 Pa
Difference : -4, Time : 5.00

Pressure = 94848 Pa
Difference : 1, Time : 5.10

Pressure = 94847 Pa
Difference : -1, Time : 5.20

Pressure = 94852 Pa
Difference : 5, Time : 5.30

Pressure = 94849 Pa
Difference : -3, Time : 5.40

Pressure = 94850 Pa
Difference : 1, Time : 5.50

Pressure = 94847 Pa
Difference : -3, Time : 5.60

Pressure = 94848 Pa
Difference : 1, Time : 5.70

Pressure = 94846 Pa
Difference : -2, Time : 5.80

Pressure = 94845 Pa