=~=~=~=~=~=~=~=~=~=~=~= PuTTY log 2023.05.19 11:44:35 =~=~=~=~=~=~=~=~=~=~=~=
sure39 Pa
Difference : -1, Time : 41.00

Pressure = 94852 Pa
Difference : 13, Time : 41.10

 2, Time : 40.90

Pressure = 94839 Pa
Difference : -1, Time : 41.00

Pressure = 94852 Pa
Difference : 13, Time : 41.10

 2, Time : 40.90

Pressure = 94839 Pa
Difference : -1, Time : 41.00

Pressure = 94852 Pa
Difference : 13, Time : 41.10

Pressure = 94847 Pa
Difference : 94847, Time : 0.00

Pressure = 94850 Pa
Difference : 3, Time : 0.10

Pressure = 94852 Pa
Difference : 2, Time : 0.20

Pressure = 94851 Pa
Difference : -1, Time : 0.30

Pressure = 94852 Pa
Difference : 1, Time : 0.40

Pressure = 94850 Pa
Difference : -2, Time : 0.50

Pressure = 94845 Pa
Difference : -5, Time : 0.60

Pressure = 94845 Pa
Difference : 0, Time : 0.70

Pressure = 94841 Pa
Difference : -4, Time : 0.80

Pressure = 94842 Pa
Difference : 1, Time : 0.90

Pressure = 94845 Pa
Difference : 3, Time : 1.00

Pressure = 94847 Pa
Difference : 2, Time : 1.10

Pressure = 94843 Pa
Difference : -4, Time : 1.20

Pressure = 94844 Pa
Difference : 1, Time : 1.30

Pressure = 94845 Pa
Difference : 1, Time : 1.40

Pressure = 94837 Pa
Difference : -8, Time : 1.50

Pressure = 94840 Pa
Difference : 3, Time : 1.60

Pressure = 94830 Pa
Difference : -10, Time : 1.70

Pressure = 94826 Pa
Difference : -4, Time : 1.80

Pressure = 94792 Pa
Difference : -34, Time : 1.90

Pressure = 94751 Pa
Difference : -41, Time : 2.00

Pressure = 94763 Pa
Difference : 12, Time : 2.10

Pressure = 94750 Pa
Difference : -13, Time : 2.20

Pressure = 94808 Pa
Difference : 58, Time : 2.30

Pressure = 95189 Pa
Difference : 381, Time : 2.40

Pressure = 97980 Pa
Difference : 2791, Time : 2.50

Pressure = 99304 Pa
Difference : 1324, Time : 2.60

Pressure = 100810 Pa
Difference : 1506, Time : 2.70

Pressure = 102180 Pa
Difference : 1370, Time : 2.80

Pressure = 103330 Pa
Difference : 1150, Time : 2.90

Pressure = 104467 Pa
Difference : 1137, Time : 3.00

Pressure = 105405 Pa
Difference : 938, Time : 3.10

Pressure = 105748 Pa
Difference : 343, Time : 3.20

Pressure = 105220 Pa
Difference : -528, Time : 3.30

Pressure = 105324 Pa
Difference : 104, Time : 3.40

Pressure = 105537 Pa
Difference : 213, Time : 3.50

Pressure = 105340 Pa
Difference : -197, Time : 3.60

Pressure = 105119 Pa
Difference : -221, Time : 3.70

Pressure = 104952 Pa
Difference : -167, Time : 3.80

Pressure = 105060 Pa
Difference : 108, Time : 3.90

Pressure = 104158 Pa
Difference : -902, Time : 4.00

Pressure = 105108 Pa
Difference : 950, Time : 4.10

Pressure = 105254 Pa
Difference : 146, Time : 4.20

Pressure = 104975 Pa
Difference : -279, Time : 4.30

Pressure = 105039 Pa
Difference : 64, Time : 4.40

Pressure = 104998 Pa
Difference : -41, Time : 4.50

Pressure = 104970 Pa
Difference : -28, Time : 4.60

Pressure = 105108 Pa
Difference : 138, Time : 4.70

Pressure = 96039 Pa
Difference : -9069, Time : 4.80

Pressure = 94843 Pa
Difference : -1196, Time : 4.90

Pressure = 94838 Pa
Difference : -5, Time : 5.00

Pressure = 94843 Pa
Difference : 5, Time : 5.10

Pressure = 94843 Pa
Difference : 0, Time : 5.20

Pressure = 94849 Pa
Difference : 6, Time : 5.30

Pressure = 94838 Pa
Difference : -11, Time : 5.40

Pressure = 94844 Pa
Difference : 6, Time : 5.50

Pressure = 94838 Pa
Difference : -6, Time : 5.60

Pressure = 94841 Pa
Difference : 3, Time : 5.70

Pressure = 94843 Pa
Difference : 2, Time : 5.80

Pressure = 94847 Pa
Difference : 4, Time : 5.90

Pressure = 94843 Pa
Difference : -4, Time : 6.00

Pressure = 94843 Pa
Difference : 0, Time : 6.10

Pressure = 94844 Pa
Difference : 1, Time : 6.20

Pressure = 94841 Pa
Difference : -3, Time : 6.30

Pressure = 94844 Pa
Difference : 3, Time : 