=~=~=~=~=~=~=~=~=~=~=~= PuTTY log 2023.05.19 11:46:03 =~=~=~=~=~=~=~=~=~=~=~=
 PaDifference : -6, Time : 64.30

: 1, Time : 64.10

Pressure = 94854 Pa
Difference : 2, Time : 64.20

Pressure = 94848 Pa
Difference : -6, Time : 64.30

: 1, Time : 64.10

Pressure = 94854 Pa
Difference : 2, Time : 64.20

Pressure = 94848 Pa
Difference : -6, Time : 64.30

Pressure = 94838 Pa
Difference : 94838, Time : 0.00

Pressure = 94839 Pa
Difference : 1, Time : 0.10

Pressure = 94844 Pa
Difference : 5, Time : 0.20

Pressure = 94840 Pa
Difference : -4, Time : 0.30

Pressure = 94843 Pa
Difference : 3, Time : 0.40

Pressure = 94841 Pa
Difference : -2, Time : 0.50

Pressure = 94843 Pa
Difference : 2, Time : 0.60

Pressure = 94840 Pa
Difference : -3, Time : 0.70

Pressure = 94839 Pa
Difference : -1, Time : 0.80

Pressure = 94839 Pa
Difference : 0, Time : 0.90

Pressure = 94840 Pa
Difference : 1, Time : 1.00

Pressure = 94843 Pa
Difference : 3, Time : 1.10

Pressure = 94839 Pa
Difference : -4, Time : 1.20

Pressure = 94844 Pa
Difference : 5, Time : 1.30

Pressure = 94848 Pa
Difference : 4, Time : 1.40

Pressure = 94842 Pa
Difference : -6, Time : 1.50

Pressure = 94841 Pa
Difference : -1, Time : 1.60

Pressure = 94832 Pa
Difference : -9, Time : 1.70

Pressure = 94826 Pa
Difference : -6, Time : 1.80

Pressure = 94807 Pa
Difference : -19, Time : 1.90

Pressure = 94792 Pa
Difference : -15, Time : 2.00

Pressure = 94804 Pa
Difference : 12, Time : 2.10

Pressure = 94816 Pa
Difference : 12, Time : 2.20

Pressure = 94837 Pa
Difference : 21, Time : 2.30

Pressure = 94849 Pa
Difference : 12, Time : 2.40

Pressure = 95499 Pa
Difference : 650, Time : 2.50

Pressure = 97691 Pa
Difference : 2192, Time : 2.60

Pressure = 99003 Pa
Difference : 1312, Time : 2.70

Pressure = 100317 Pa
Difference : 1314, Time : 2.80

Pressure = 101843 Pa
Difference : 1526, Time : 2.90

Pressure = 102739 Pa
Difference : 896, Time : 3.00

Pressure = 104051 Pa
Difference : 1312, Time : 3.10

Pressure = 105265 Pa
Difference : 1214, Time : 3.20

Pressure = 105510 Pa
Difference : 245, Time : 3.30

Pressure = 105528 Pa
Difference : 18, Time : 3.40

Pressure = 105264 Pa
Difference : -264, Time : 3.50

Pressure = 105352 Pa
Difference : 88, Time : 3.60

Pressure = 104910 Pa
Difference : -442, Time : 3.70

Pressure = 105133 Pa
Difference : 223, Time : 3.80

Pressure = 105274 Pa
Difference : 141, Time : 3.90

Pressure = 104899 Pa
Difference : -375, Time : 4.00

Pressure = 104843 Pa
Difference : -56, Time : 4.10

Pressure = 104845 Pa
Difference : 2, Time : 4.20

Pressure = 104921 Pa
Difference : 76, Time : 4.30

Pressure = 104276 Pa
Difference : -645, Time : 4.40

Pressure = 104512 Pa
Difference : 236, Time : 4.50

Pressure = 104827 Pa
Difference : 315, Time : 4.60

Pressure = 104670 Pa
Difference : -157, Time : 4.70

Pressure = 104809 Pa
Difference : 139, Time : 4.80

Pressure = 102801 Pa
Difference : -2008, Time : 4.90

Pressure = 94798 Pa
Difference : -8003, Time : 5.00

Pressure = 94838 Pa
Difference : 40, Time : 5.10

Pressure = 94836 Pa
Difference : -2, Time : 5.20

Pressure = 94844 Pa
Difference : 8, Time : 5.30

Pressure = 94844 Pa
Difference : 0, Time : 5.40

Pressure = 94847 Pa
Difference : 3, Time : 5.50

Pressure = 94839 Pa
Difference : -8, Time : 5.60

Pressure = 94838 Pa
Difference : -1, Time : 5.70

Pressure = 94842 Pa
Difference : 4, Time : 5.80

Pressure = 94840 Pa
Difference : -2, Time : 5.90

Pressure = 94843 Pa
Difference : 3, Time : 6.00

Pressure = 94843 Pa
Difference : 0, Time : 6.10

Pressure = 94841 Pa
Difference : -2, Time : 6.20

Pressure = 94835 Pa
Difference : -6, Time : 6.30

Pressure = 94842 Pa
Difference : 7, Time : 6.40

Pressure = 94840 Pa
Difference : -2, Time : 6.50

Pressure = 94841 Pa
Difference : 1, Time : 6.60

Pressure = 94840 Pa
Difference : -1, Time : 6.70

Pressure = 94842 Pa
Difference : 2, Time : 6.80

Pressure = 94839 Pa
Difference : -3, Time : 6.90

P