=~=~=~=~=~=~=~=~=~=~=~= PuTTY log 2023.05.19 11:47:11 =~=~=~=~=~=~=~=~=~=~=~=
Pres0

Pressure = 94844 Pa
Difference : 4, Time : 49.00

Pressure = 94856 Pa
Differene = 94840 Pa
Difference : 4, Time : 48.90

Pressure = 94844 Pa
Difference : 4, Time : 49.00

Pressure = 94856 Pa
Differene = 94840 Pa
Difference : 4, Time : 48.90

Pressure = 94844 Pa
Difference : 4, Time : 49.00

Pressure = 94856 Pa
DifferencPressure = 94843 Pa
Difference : 94843, Time : 0.00

Pressure = 94845 Pa
Difference : 2, Time : 0.10

Pressure = 94846 Pa
Difference : 1, Time : 0.20

Pressure = 94844 Pa
Difference : -2, Time : 0.30

Pressure = 94848 Pa
Difference : 4, Time : 0.40

Pressure = 94847 Pa
Difference : -1, Time : 0.50

Pressure = 94843 Pa
Difference : -4, Time : 0.60

Pressure = 94846 Pa
Difference : 3, Time : 0.70

Pressure = 94852 Pa
Difference : 6, Time : 0.80

Pressure = 94842 Pa
Difference : -10, Time : 0.90

Pressure = 94846 Pa
Difference : 4, Time : 1.00

Pressure = 94851 Pa
Difference : 5, Time : 1.10

Pressure = 94845 Pa
Difference : -6, Time : 1.20

Pressure = 94846 Pa
Difference : 1, Time : 1.30

Pressure = 94847 Pa
Difference : 1, Time : 1.40

Pressure = 94843 Pa
Difference : -4, Time : 1.50

Pressure = 94834 Pa
Difference : -9, Time : 1.60

Pressure = 94827 Pa
Difference : -7, Time : 1.70

Pressure = 94810 Pa
Difference : -17, Time : 1.80

Pressure = 94770 Pa
Difference : -40, Time : 1.90

Pressure = 94735 Pa
Difference : -35, Time : 2.00

Pressure = 94675 Pa
Difference : -60, Time : 2.10

Pressure = 94825 Pa
Difference : 150, Time : 2.20

Pressure = 97797 Pa
Difference : 2972, Time : 2.30

Pressure = 99736 Pa
Difference : 1939, Time : 2.40

Pressure = 100977 Pa
Difference : 1241, Time : 2.50

Pressure = 102643 Pa
Difference : 1666, Time : 2.60

Pressure = 103687 Pa
Difference : 1044, Time : 2.70

Pressure = 104116 Pa
Difference : 429, Time : 2.80

Pressure = 104304 Pa
Difference : 188, Time : 2.90

Pressure = 104212 Pa
Difference : -92, Time : 3.00

Pressure = 104300 Pa
Difference : 88, Time : 3.10

Pressure = 104256 Pa
Difference : -44, Time : 3.20

Pressure = 104246 Pa
Difference : -10, Time : 3.30

Pressure = 104311 Pa
Difference : 65, Time : 3.40

Pressure = 104037 Pa
Difference : -274, Time : 3.50

Pressure = 104037 Pa
Difference : 0, Time : 3.60

Pressure = 104049 Pa
Difference : 12, Time : 3.70

Pressure = 103823 Pa
Difference : -226, Time : 3.80

Pressure = 103795 Pa
Difference : -28, Time : 3.90

Pressure = 103719 Pa
Difference : -76, Time : 4.00

Pressure = 103778 Pa
Difference : 59, Time : 4.10

Pressure = 103929 Pa
Difference : 151, Time : 4.20

Pressure = 104017 Pa
Difference : 88, Time : 4.30

Pressure = 103849 Pa
Difference : -168, Time : 4.40

Pressure = 103808 Pa
Difference : -41, Time : 4.50

Pressure = 103938 Pa
Difference : 130, Time : 4.60

Pressure = 96083 Pa
Difference : -7855, Time : 4.70

Pressure = 94835 Pa
Difference : -1248, Time : 4.80

Pressure = 94832 Pa
Difference : -3, Time : 4.90

Pressure = 94842 Pa
Difference : 10, Time : 5.00

Pressure = 94846 Pa
Difference : 4, Time : 5.10

Pressure = 94837 Pa
Difference : -9, Time : 5.20

Pressure = 94844 Pa
Difference : 7, Time : 5.30

Pressure = 94845 Pa
Difference : 1, Time : 5.40

Pressure = 94838 Pa
Difference : -7, Time : 5.50

Pressure = 94844 Pa
Difference : 6, Time : 5.60

Pressure = 94839 Pa
Difference : -5, Time : 5.70

Pressure = 94844 Pa
Difference : 5, Time : 5.80

Pressure = 94837 Pa
Difference : -7, Time : 5.90

Pressure = 94845 Pa
Difference : 8, Time : 6.00

Pressure = 94848 Pa
Difference : 3, Time : 6.10

Pressure = 94839 Pa
Difference : -9, Time : 6.20

Pressure = 94840 Pa
Difference : 1, Time : 6.30

P