=~=~=~=~=~=~=~=~=~=~=~= PuTTY log 2023.05.19 11:55:15 =~=~=~=~=~=~=~=~=~=~=~=
Pr: 41.40

Pressure = 94826 Pa
Difference : -8, Time : 41.50

Pressure = 94828 Pa
Difference : 2, Time : 41.60

: 6, Time : 41.40

Pressure = 94826 Pa
Difference : -8, Time : 41.50

Pressure = 94828 Pa
Difference : 2, Time : 41.60

Pressure = 94834 Pa
Difference : 94834, Time : 0.00

Pressure = 94827 Pa
Difference : -7, Time : 0.10

Pressure = 94828 Pa
Difference : 1, Time : 0.20

Pressure = 94824 Pa
Difference : -4, Time : 0.30

Pressure = 94828 Pa
Difference : 4, Time : 0.40

Pressure = 94826 Pa
Difference : -2, Time : 0.50

Pressure = 94828 Pa
Difference : 2, Time : 0.60

Pressure = 94828 Pa
Difference : 0, Time : 0.70

Pressure = 94829 Pa
Difference : 1, Time : 0.80

Pressure = 94823 Pa
Difference : -6, Time : 0.90

Pressure = 94829 Pa
Difference : 6, Time : 1.00

Pressure = 94823 Pa
Difference : -6, Time : 1.10

Pressure = 94824 Pa
Difference : 1, Time : 1.20

Pressure = 94829 Pa
Difference : 5, Time : 1.30

Pressure = 94827 Pa
Difference : -2, Time : 1.40

Pressure = 94828 Pa
Difference : 1, Time : 1.50

Pressure = 94826 Pa
Difference : -2, Time : 1.60

Pressure = 94820 Pa
Difference : -6, Time : 1.70

Pressure = 94799 Pa
Difference : -21, Time : 1.80

Pressure = 94771 Pa
Difference : -28, Time : 1.90

Pressure = 94764 Pa
Difference : -7, Time : 2.00

Pressure = 94756 Pa
Difference : -8, Time : 2.10

Pressure = 94769 Pa
Difference : 13, Time : 2.20

Pressure = 94848 Pa
Difference : 79, Time : 2.30

Pressure = 98241 Pa
Difference : 3393, Time : 2.40

Pressure = 100140 Pa
Difference : 1899, Time : 2.50

Pressure = 101159 Pa
Difference : 1019, Time : 2.60

Pressure = 102165 Pa
Difference : 1006, Time : 2.70

Pressure = 103351 Pa
Difference : 1186, Time : 2.80

Pressure = 105224 Pa
Difference : 1873, Time : 2.90

Pressure = 105844 Pa
Difference : 620, Time : 3.00

Pressure = 106797 Pa
Difference : 953, Time : 3.10

Pressure = 106316 Pa
Difference : -481, Time : 3.20

Pressure = 106458 Pa
Difference : 142, Time : 3.30

Pressure = 106255 Pa
Difference : -203, Time : 3.40

Pressure = 106358 Pa
Difference : 103, Time : 3.50

Pressure = 106502 Pa
Difference : 144, Time : 3.60

Pressure = 106456 Pa
Difference : -46, Time : 3.70

Pressure = 106183 Pa
Difference : -273, Time : 3.80

Pressure = 106013 Pa
Difference : -170, Time : 3.90

Pressure = 106179 Pa
Difference : 166, Time : 4.00

Pressure = 106043 Pa
Difference : -136, Time : 4.10

Pressure = 106015 Pa
Difference : -28, Time : 4.20

Pressure = 106170 Pa
Difference : 155, Time : 4.30

Pressure = 101975 Pa
Difference : -4195, Time : 4.40

Pressure = 94812 Pa
Difference : -7163, Time : 4.50

Pressure = 94817 Pa
Difference : 5, Time : 4.60

Pressure = 94821 Pa
Difference : 4, Time : 4.70

Pressure = 94818 Pa
Difference : -3, Time : 4.80

Pressure = 94821 Pa
Difference : 3, Time : 4.90

Pressure = 94822 Pa
Difference : 1, Time : 5.00

Pressure = 94822 Pa
Difference : 0, Time : 5.10

Pressure = 94820 Pa
Difference : -2, Time : 5.20

Pressure = 94822 Pa
Difference : 2, Time : 5.30

Pressure = 94821 Pa
Difference : -1, Time : 5.40

Pressure = 94826 Pa
Difference : 5, Time : 5.50

Pressure = 94822 Pa
Difference : -4, Time : 5.60

Pressure = 94824 Pa
Difference : 2, Time : 5.70

Pressure = 94822 Pa
Difference : -2, Time : 5.80

Pressure = 94821 Pa
Difference : -1, Time : 5.90

Pressure = 94817 Pa
Difference : -4, Time : 6.00

Pressure