=~=~=~=~=~=~=~=~=~=~=~= PuTTY log 2023.05.19 11:47:58 =~=~=~=~=~=~=~=~=~=~=~=
Pre : 4, Time : 34.00

Pressure = 94843 Pa
Difference : -6, Time : 34.10

Pressure = 94843 Pa
Difference : 0, Time : 34.20Pressure = 94847 Pa
Difference : 94847, Time : 0.00

Pressure = 94849 Pa
Difference : 2, Time : 0.10

Pressure = 94857 Pa
Difference : 8, Time : 0.20

Pressure = 94853 Pa
Difference : -4, Time : 0.30

Pressure = 94862 Pa
Difference : 9, Time : 0.40

Pressure = 94853 Pa
Difference : -9, Time : 0.50

Pressure = 94851 Pa
Difference : -2, Time : 0.60

Pressure = 94840 Pa
Difference : -11, Time : 0.70

Pressure = 94843 Pa
Difference : 3, Time : 0.80

Pressure = 94842 Pa
Difference : -1, Time : 0.90

Pressure = 94844 Pa
Difference : 2, Time : 1.00

Pressure = 94841 Pa
Difference : -3, Time : 1.10

Pressure = 94846 Pa
Difference : 5, Time : 1.20

Pressure = 94840 Pa
Difference : -6, Time : 1.30

Pressure = 94845 Pa
Difference : 5, Time : 1.40

Pressure = 94824 Pa
Difference : -21, Time : 1.50

Pressure = 94826 Pa
Difference : 2, Time : 1.60

Pressure = 94815 Pa
Difference : -11, Time : 1.70

Pressure = 94807 Pa
Difference : -8, Time : 1.80

Pressure = 94788 Pa
Difference : -19, Time : 1.90

Pressure = 94790 Pa
Difference : 2, Time : 2.00

Pressure = 94789 Pa
Difference : -1, Time : 2.10

Pressure = 97587 Pa
Difference : 2798, Time : 2.20

Pressure = 100640 Pa
Difference : 3053, Time : 2.30

Pressure = 101897 Pa
Difference : 1257, Time : 2.40

Pressure = 102588 Pa
Difference : 691, Time : 2.50

Pressure = 102661 Pa
Difference : 73, Time : 2.60

Pressure = 102721 Pa
Difference : 60, Time : 2.70

Pressure = 102677 Pa
Difference : -44, Time : 2.80

Pressure = 102725 Pa
Difference : 48, Time : 2.90

Pressure = 102540 Pa
Difference : -185, Time : 3.00

Pressure = 102056 Pa
Difference : -484, Time : 3.10

Pressure = 102085 Pa
Difference : 29, Time : 3.20

Pressure = 102253 Pa
Difference : 168, Time : 3.30

Pressure = 102547 Pa
Difference : 294, Time : 3.40

Pressure = 102616 Pa
Difference : 69, Time : 3.50

Pressure = 102468 Pa
Difference : -148, Time : 3.60

Pressure = 102475 Pa
Difference : 7, Time : 3.70

Pressure = 102425 Pa
Difference : -50, Time : 3.80

Pressure = 102267 Pa
Difference : -158, Time : 3.90

Pressure = 102323 Pa
Difference : 56, Time : 4.00

Pressure = 102076 Pa
Difference : -247, Time : 4.10

Pressure = 102483 Pa
Difference : 407, Time : 4.20

Pressure = 102285 Pa
Difference : -198, Time : 4.30

Pressure = 95267 Pa
Difference : -7018, Time : 4.40

Pressure = 94837 Pa
Difference : -430, Time : 4.50

Pressure = 94838 Pa
Difference : 1, Time : 4.60

Pressure = 94837 Pa
Difference : -1, Time : 4.70

Pressure = 94839 Pa
Difference : 2, Time : 4.80

Pressure = 94840 Pa
Difference : 1, Time : 4.90

Pressure = 94836 Pa
Difference : -4, Time : 5.00

Pressure = 94839 Pa
Difference : 3, Time : 5.10

Pressure = 94837 Pa
Difference : -2, Time : 5.20

Pressure = 94838 Pa
Difference : 1, Time : 5.30

Pressure = 94842 Pa
Difference : 4, Time : 5.40

Pressure = 94835 Pa
Difference : -7, Time : 5.50

Pressure = 94841 Pa
Difference : 6, Time : 5.60

Pressure = 94835 Pa
Difference : -6, Time : 5.70

Pressure = 94842 Pa
Difference : 7, Time : 5.80

Pressure = 9