=~=~=~=~=~=~=~=~=~=~=~= PuTTY log 2023.05.19 11:56:22 =~=~=~=~=~=~=~=~=~=~=~=
9483 94821 Pa
Difference : 0, Time : 49.00

PrPressure = 94823 Pa
Difference : 94823, Time : 0.00

Pressure = 94821 Pa
Difference : -2, Time : 0.10

Pressure = 94821 Pa
Difference : 0, Time : 0.20

Pressure = 94818 Pa
Difference : -3, Time : 0.30

Pressure = 94818 Pa
Difference : 0, Time : 0.40

Pressure = 94819 Pa
Difference : 1, Time : 0.50

Pressure = 94817 Pa
Difference : -2, Time : 0.60

Pressure = 94823 Pa
Difference : 6, Time : 0.70

Pressure = 94823 Pa
Difference : 0, Time : 0.80

Pressure = 94827 Pa
Difference : 4, Time : 0.90

Pressure = 94818 Pa
Difference : -9, Time : 1.00

Pressure = 94821 Pa
Difference : 3, Time : 1.10

Pressure = 94820 Pa
Difference : -1, Time : 1.20

Pressure = 94825 Pa
Difference : 5, Time : 1.30

Pressure = 94817 Pa
Difference : -8, Time : 1.40

Pressure = 94817 Pa
Difference : 0, Time : 1.50

Pressure = 94819 Pa
Difference : 2, Time : 1.60

Pressure = 94820 Pa
Difference : 1, Time : 1.70

Pressure = 94808 Pa
Difference : -12, Time : 1.80

Pressure = 94792 Pa
Difference : -16, Time : 1.90

Pressure = 94774 Pa
Difference : -18, Time : 2.00

Pressure = 94769 Pa
Difference : -5, Time : 2.10

Pressure = 94739 Pa
Difference : -30, Time : 2.20

Pressure = 94753 Pa
Difference : 14, Time : 2.30

Pressure = 94783 Pa
Difference : 30, Time : 2.40

Pressure = 94788 Pa
Difference : 5, Time : 2.50

Pressure = 94812 Pa
Difference : 24, Time : 2.60

Pressure = 97745 Pa
Difference : 2933, Time : 2.70

Pressure = 100373 Pa
Difference : 2628, Time : 2.80

Pressure = 101802 Pa
Difference : 1429, Time : 2.90

Pressure = 103703 Pa
Difference : 1901, Time : 3.00

Pressure = 104250 Pa
Difference : 547, Time : 3.10

Pressure = 104364 Pa
Difference : 114, Time : 3.20

Pressure = 104418 Pa
Difference : 54, Time : 3.30

Pressure = 104277 Pa
Difference : -141, Time : 3.40

Pressure = 104339 Pa
Difference : 62, Time : 3.50

Pressure = 104838 Pa
Difference : 499, Time : 3.60

Pressure = 104805 Pa
Difference : -33, Time : 3.70

Pressure = 104937 Pa
Difference : 132, Time : 3.80

Pressure = 104784 Pa
Difference : -153, Time : 3.90

Pressure = 104761 Pa
Difference : -23, Time : 4.00

Pressure = 105153 Pa
Difference : 392, Time : 4.10

Pressure = 104648 Pa
Difference : -505, Time : 4.20

Pressure = 104867 Pa
Difference : 219, Time : 4.30

Pressure = 104122 Pa
Difference : -745, Time : 4.40

Pressure = 95184 Pa
Difference : -8938, Time : 4.50

Pressure = 94809 Pa
Difference : -375, Time : 4.60

Pressure = 94816 Pa
Difference : 7, Time : 4.70

Pressure = 94813 Pa
Difference : -3, Time : 4.80

Pressure = 94815 Pa
Difference : 2, Time : 4.90

Pressure = 94816 Pa
Difference : 1, Time : 5.00

Pressure = 94816 Pa
Difference : 0, Time : 5.10

Pressure = 94814 Pa
Difference : -2, Time : 5.20

Pressure = 94820 Pa
Difference : 6, Time : 5.30

Pressure = 94815 Pa
Difference : -5, Time : 5.40