=~=~=~=~=~=~=~=~=~=~=~= PuTTY log 2023.05.19 11:58:39 =~=~=~=~=~=~=~=~=~=~=~=
re =Pressure = : 19.80

Pressure = 94794 Pa
Difference : 5, Time : 19.90

Pressure = 94795 Pa
Difference : 1, Time : 20.00

Pressure = Pressure = 94829 Pa
Difference : 94829, Time : 0.00

Pressure = 94822 Pa
Difference : -7, Time : 0.10

Pressure = 94823 Pa
Difference : 1, Time : 0.20

Pressure = 94819 Pa
Difference : -4, Time : 0.30

Pressure = 94827 Pa
Difference : 8, Time : 0.40

Pressure = 94825 Pa
Difference : -2, Time : 0.50

Pressure = 94828 Pa
Difference : 3, Time : 0.60

Pressure = 94827 Pa
Difference : -1, Time : 0.70

Pressure = 94821 Pa
Difference : -6, Time : 0.80

Pressure = 94824 Pa
Difference : 3, Time : 0.90

Pressure = 94823 Pa
Difference : -1, Time : 1.00

Pressure = 94826 Pa
Difference : 3, Time : 1.10

Pressure = 94811 Pa
Difference : -15, Time : 1.20

Pressure = 94811 Pa
Difference : 0, Time : 1.30

Pressure = 94813 Pa
Difference : 2, Time : 1.40

Pressure = 94816 Pa
Difference : 3, Time : 1.50

Pressure = 94812 Pa
Difference : -4, Time : 1.60

Pressure = 94802 Pa
Difference : -10, Time : 1.70

Pressure = 94781 Pa
Difference : -21, Time : 1.80

Pressure = 94780 Pa
Difference : -1, Time : 1.90

Pressure = 94773 Pa
Difference : -7, Time : 2.00

Pressure = 94795 Pa
Difference : 22, Time : 2.10

Pressure = 94801 Pa
Difference : 6, Time : 2.20

Pressure = 95246 Pa
Difference : 445, Time : 2.30

Pressure = 99209 Pa
Difference : 3963, Time : 2.40

Pressure = 101313 Pa
Difference : 2104, Time : 2.50

Pressure = 102915 Pa
Difference : 1602, Time : 2.60

Pressure = 104471 Pa
Difference : 1556, Time : 2.70

Pressure = 105487 Pa
Difference : 1016, Time : 2.80

Pressure = 105496 Pa
Difference : 9, Time : 2.90

Pressure = 105440 Pa
Difference : -56, Time : 3.00

Pressure = 105363 Pa
Difference : -77, Time : 3.10

Pressure = 105344 Pa
Difference : -19, Time : 3.20

Pressure = 105589 Pa
Difference : 245, Time : 3.30

Pressure = 105803 Pa
Difference : 214, Time : 3.40

Pressure = 105219 Pa
Difference : -584, Time : 3.50

Pressure = 105551 Pa
Difference : 332, Time : 3.60

Pressure = 105626 Pa
Difference : 75, Time : 3.70

Pressure = 105429 Pa
Difference : -197, Time : 3.80

Pressure = 105372 Pa
Difference : -57, Time : 3.90

Pressure = 104004 Pa
Difference : -1368, Time : 4.00

Pressure = 95375 Pa
Difference : -8629, Time : 4.10

Pressure = 94816 Pa
Difference : -559, Time : 4.20

Pressure = 94819 Pa
Difference : 3, Time : 4.30

Pressure = 94814 Pa
Difference : -5, Time : 4.40

Pressure = 94812 Pa
Difference : -2, Time : 4.50

Pressure = 94815 Pa
Difference : 3, Time : 4.60

Pressure = 94817 Pa
Difference : 2, Time : 4.70

Pressure = 94816 Pa
Difference : -1, Time : 4.80

Pressure = 94815 Pa
Difference : -1, Time : 4.90

Pressure = 94809 Pa
Difference : -6, Time : 5.00

Pressure = 94813 Pa
Difference : 4, Time : 5.10

Pressure = 94812 Pa
Difference : -1, Time : 5.20

Pressure = 94812 Pa
Difference : 0, Time : 5.30

Pressure = 94810 Pa
Difference : -2, Time : 5.40

P