=~=~=~=~=~=~=~=~=~=~=~= PuTTY log 2023.05.19 11:59:50 =~=~=~=~=~=~=~=~=~=~=~=
9481ssure = 94815 Pa
Difference : -4, Time : 51.80

: 8, Time : 51.60

Pressure = 94819 Pa
Difference : 2, Time : 51.70

Pressure = 94815 Pa
Difference : -4, Time : 51.80

Pressure = 94818 Pa
Difference : 94818, Time : 0.00

Pressure = 94810 Pa
Difference : -8, Time : 0.10

Pressure = 94817 Pa
Difference : 7, Time : 0.20

Pressure = 94818 Pa
Difference : 1, Time : 0.30

Pressure = 94815 Pa
Difference : -3, Time : 0.40

Pressure = 94819 Pa
Difference : 4, Time : 0.50

Pressure = 94815 Pa
Difference : -4, Time : 0.60

Pressure = 94820 Pa
Difference : 5, Time : 0.70

Pressure = 94814 Pa
Difference : -6, Time : 0.80

Pressure = 94817 Pa
Difference : 3, Time : 0.90

Pressure = 94822 Pa
Difference : 5, Time : 1.00

Pressure = 94815 Pa
Difference : -7, Time : 1.10

Pressure = 94823 Pa
Difference : 8, Time : 1.20

Pressure = 94811 Pa
Difference : -12, Time : 1.30

Pressure = 94820 Pa
Difference : 9, Time : 1.40

Pressure = 94814 Pa
Difference : -6, Time : 1.50

Pressure = 94814 Pa
Difference : 0, Time : 1.60

Pressure = 94815 Pa
Difference : 1, Time : 1.70

Pressure = 94817 Pa
Difference : 2, Time : 1.80

Pressure = 94824 Pa
Difference : 7, Time : 1.90

Pressure = 94818 Pa
Difference : -6, Time : 2.00

Pressure = 94817 Pa
Difference : -1, Time : 2.10

Pressure = 94815 Pa
Difference : -2, Time : 2.20

Pressure = 94800 Pa
Difference : -15, Time : 2.30

Pressure = 94801 Pa
Difference : 1, Time : 2.40

Pressure = 94789 Pa
Difference : -12, Time : 2.50

Pressure = 94759 Pa
Difference : -30, Time : 2.60

Pressure = 94760 Pa
Difference : 1, Time : 2.70

Pressure = 94931 Pa
Difference : 171, Time : 2.80

Pressure = 97891 Pa
Difference : 2960, Time : 2.90

Pressure = 99247 Pa
Difference : 1356, Time : 3.00

Pressure = 101256 Pa
Difference : 2009, Time : 3.10

Pressure = 103361 Pa
Difference : 2105, Time : 3.20

Pressure = 104449 Pa
Difference : 1088, Time : 3.30

Pressure = 104637 Pa
Difference : 188, Time : 3.40

Pressure = 104613 Pa
Difference : -24, Time : 3.50

Pressure = 104464 Pa
Difference : -149, Time : 3.60

Pressure = 104477 Pa
Difference : 13, Time : 3.70

Pressure = 104697 Pa
Difference : 220, Time : 3.80

Pressure = 104183 Pa
Difference : -514, Time : 3.90

Pressure = 104617 Pa
Difference : 434, Time : 4.00

Pressure = 104422 Pa
Difference : -195, Time : 4.10

Pressure = 104063 Pa
Difference : -359, Time : 4.20

Pressure = 103580 Pa
Difference : -483, Time : 4.30

Pressure = 103411 Pa
Difference : -169, Time : 4.40

Pressure = 103677 Pa
Difference : 266, Time : 4.50

Pressure = 103225 Pa
Difference : -452, Time : 4.60

Pressure = 102660 Pa
Difference : -565, Time : 4.70

Pressure = 102825 Pa
Difference : 165, Time : 4.80

Pressure = 103304 Pa
Difference : 479, Time : 4.90

Pressure = 102947 Pa
Difference : -357, Time : 5.00

Pressure = 102954 Pa
Difference : 7, Time : 5.10

Pressure = 102867 Pa
Difference : -87, Time : 5.20

Pressure = 103170 Pa
Difference : 303, Time : 5.30

Pressure = 103227 Pa
Difference : 57, Time : 5.40

Pressure = 98852 Pa
Difference : -4375, Time : 5.50

Pressure = 94829 Pa
Difference : -4023, Time : 5.60

Pressure = 94824 Pa
Difference : -5, Time : 5.70

Pressure = 94822 Pa
Difference : -2, Time : 5.80

Pressure = 94820 Pa
Difference : -2, Time : 5.90

Pressure = 94818 Pa
Difference : -2, Time : 6.00

Pressure = 94818 Pa
Difference : 0, Time : 6.10

Pressure = 94822 Pa
Difference : 4, Time : 6.20

Pressure = 94824 Pa
Difference : 2, Time : 6.30

Pressure = 94819 Pa
Difference : -5, Time : 6.40

Pressure = 94823 Pa
Difference : 4, Time : 6.50

Pressure = 94821 Pa
Difference : -2, Time : 6.60

Pressure = 94823 Pa
Difference : 2, Time : 6.70

Pressure = 94821 Pa
Difference : -2, Time : 6.80

Pressure = 94821 Pa
Difference : 0, Time : 6.90

Pressure = 94827 Pa
Difference : 6, Time : 7.00

P