=~=~=~=~=~=~=~=~=~=~=~= PuTTY log 2023.05.20 17:22:45 =~=~=~=~=~=~=~=~=~=~=~=
me :
 : -3.00, Time : 0, Time : 77.20

94914.00 Pa, 0.94 atm
Difference : -8.00, Time : 77.30

94911.00 Pa, 0.94 atm
Difference : -3.00, Time : 7, Time : 77.20

94914.00 Pa, 0.94 atm
Difference : -8.00, Time : 77.30

94911.00 Pa, 0.94 atm
Difference : -3.00, Time : 7, Time : 77.20

94914.00 Pa, 0.94 atm
Difference : -8.00, Time : 77.30

94911.00 Pa, 0.94 atm
Difference : -3.00, Time : 794929.00 Pa, 0.94 atm
Difference : 94929.00, Time : 0.00

94924.00 Pa, 0.94 atm
Difference : -5.00, Time : 0.10

94922.00 Pa, 0.94 atm
Difference : -2.00, Time : 0.20

94924.00 Pa, 0.94 atm
Difference : 2.00, Time : 0.30

94924.00 Pa, 0.94 atm
Difference : 0.00, Time : 0.40

94923.00 Pa, 0.94 atm
Difference : -1.00, Time : 0.50

94925.00 Pa, 0.94 atm
Difference : 2.00, Time : 0.60

94924.00 Pa, 0.94 atm
Difference : -1.00, Time : 0.70

94922.00 Pa, 0.94 atm
Difference : -2.00, Time : 0.80

94916.00 Pa, 0.94 atm
Difference : -6.00, Time : 0.90

94924.00 Pa, 0.94 atm
Difference : 8.00, Time : 1.00

94927.00 Pa, 0.94 atm
Difference : 3.00, Time : 1.10

94927.00 Pa, 0.94 atm
Difference : 0.00, Time : 1.20

94920.00 Pa, 0.94 atm
Difference : -7.00, Time : 1.30

94920.00 Pa, 0.94 atm
Difference : 0.00, Time : 1.40

94919.00 Pa, 0.94 atm
Difference : -1.00, Time : 1.50

94925.00 Pa, 0.94 atm
Difference : 6.00, Time : 1.60

94917.00 Pa, 0.94 atm
Difference : -8.00, Time : 1.70

94928.00 Pa, 0.94 atm
Difference : 11.00, Time : 1.80

94917.00 Pa, 0.94 atm
Difference : -11.00, Time : 1.90

94898.00 Pa, 0.94 atm
Difference : -19.00, Time : 2.00

94873.00 Pa, 0.94 atm
Difference : -25.00, Time : 2.10

94874.00 Pa, 0.94 atm
Difference : 1.00, Time : 2.20

94885.00 Pa, 0.94 atm
Difference : 11.00, Time : 2.30

94884.00 Pa, 0.94 atm
Difference : -1.00, Time : 2.40

94907.00 Pa, 0.94 atm
Difference : 23.00, Time : 2.50

94924.00 Pa, 0.94 atm
Difference : 17.00, Time : 2.60

95198.00 Pa, 0.94 atm
Difference : 274.00, Time : 2.70

97445.00 Pa, 0.96 atm
Difference : 2247.00, Time : 2.80

99037.00 Pa, 0.98 atm
Difference : 1592.00, Time : 2.90

100819.00 Pa, 1.00 atm
Difference : 1782.00, Time : 3.00

102634.00 Pa, 1.01 atm
Difference : 1815.00, Time : 3.10

104664.00 Pa, 1.03 atm
Difference : 2030.00, Time : 3.20

108212.00 Pa, 1.07 atm
Difference : 3548.00, Time : 3.30

109650.00 Pa, 1.08 atm
Difference : 1438.00, Time : 3.40

109884.00 Pa, 1.08 atm
Difference : 234.00, Time : 3.50

110133.00 Pa, 1.09 atm
Difference : 249.00, Time : 3.60

109995.00 Pa, 1.09 atm
Difference : -138.00, Time : 3.70

110252.00 Pa, 1.09 atm
Difference : 257.00, Time : 3.80

110474.00 Pa, 1.09 atm
Difference : 222.00, Time : 3.90

110304.00 Pa, 1.09 atm
Difference : -170.00, Time : 4.00

110229.00 Pa, 1.09 atm
Difference : -75.00, Time : 4.10

110194.00 Pa, 1.09 atm
Difference : -35.00, Time : 4.20

110265.00 Pa, 1.09 atm
Difference : 71.00, Time : 4.30

110383.00 Pa, 1.09 atm
Difference : 118.00, Time : 4.40

109938.00 Pa, 1.09 atm
Difference : -445.00, Time : 4.50

109602.00 Pa, 1.08 atm
Difference : -336.00, Time : 4.60

109416.00 Pa, 1.08 atm
Difference : -186.00, Time : 4.70

109447.00 Pa, 1.08 atm
Difference : 31.00, Time : 4.80

109214.00 Pa, 1.08 atm
Difference : -233.00, Time : 4.90

109650.00 Pa, 1.08 atm
Difference : 436.00, Time : 5.00

108743.00 Pa, 1.07 atm
Difference : -907.00, Time : 5.10

95904.00 Pa, 0.95 atm
Difference : -12839.00, Time : 5.20

94926.00 Pa, 0.94 atm
Difference : -978.00, Time : 5.30

94923.00 Pa, 0.94 atm
Difference : -3.00, Time : 5.40

94926.00 Pa, 0.94 atm
Difference : 3.00, Time : 5.50

94923.00 Pa, 0.94 atm
Difference : -3.00, Time : 5.60

94932.00 Pa, 0.94 atm
Difference : 9.00, Time : 5.70

94926.00 Pa, 0.94 atm
Difference : -6.00, Time : 5.80

94923.00 Pa, 0.94 atm
Difference : -3.00, Time : 5.90

94923.00 Pa, 0.94 atm
Difference : 0.00, Time : 6.00

94911.00 Pa, 0.94 atm
Difference : -12.00, Time : 6.10

94919.00 Pa, 0.94 atm
Difference : 8.00, Time : 6.20

94920.00 Pa, 0.94 atm
Difference : 1.00, Time : 6.30

9