=~=~=~=~=~=~=~=~=~=~=~= PuTTY log 2023.05.20 17:23:36 =~=~=~=~=~=~=~=~=~=~=~=
, 0Pa, 0.94 atm
Difference : -5.00, Time : 36.90

94918.00 Pa, 0.94 atm
Difference : -5.rence : 2.00, Time : 36.80

94923.00 Pa, 0.94 atm
Difference : -5.00, Time : 36.90

94918.00 Pa, 0.94 atm
Difference : -5.94933.00 Pa, 0.94 atm
Difference : 94933.00, Time : 0.00

94929.00 Pa, 0.94 atm
Difference : -4.00, Time : 0.10

94930.00 Pa, 0.94 atm
Difference : 1.00, Time : 0.20

94929.00 Pa, 0.94 atm
Difference : -1.00, Time : 0.30

94926.00 Pa, 0.94 atm
Difference : -3.00, Time : 0.40

94931.00 Pa, 0.94 atm
Difference : 5.00, Time : 0.50

94926.00 Pa, 0.94 atm
Difference : -5.00, Time : 0.60

94927.00 Pa, 0.94 atm
Difference : 1.00, Time : 0.70

94922.00 Pa, 0.94 atm
Difference : -5.00, Time : 0.80

94926.00 Pa, 0.94 atm
Difference : 4.00, Time : 0.90

94927.00 Pa, 0.94 atm
Difference : 1.00, Time : 1.00

94928.00 Pa, 0.94 atm
Difference : 1.00, Time : 1.10

94929.00 Pa, 0.94 atm
Difference : 1.00, Time : 1.20

94929.00 Pa, 0.94 atm
Difference : 0.00, Time : 1.30

94931.00 Pa, 0.94 atm
Difference : 2.00, Time : 1.40

94923.00 Pa, 0.94 atm
Difference : -8.00, Time : 1.50

94929.00 Pa, 0.94 atm
Difference : 6.00, Time : 1.60

94898.00 Pa, 0.94 atm
Difference : -31.00, Time : 1.70

94896.00 Pa, 0.94 atm
Difference : -2.00, Time : 1.80

94892.00 Pa, 0.94 atm
Difference : -4.00, Time : 1.90

94896.00 Pa, 0.94 atm
Difference : 4.00, Time : 2.00

94897.00 Pa, 0.94 atm
Difference : 1.00, Time : 2.10

94899.00 Pa, 0.94 atm
Difference : 2.00, Time : 2.20

94925.00 Pa, 0.94 atm
Difference : 26.00, Time : 2.30

94923.00 Pa, 0.94 atm
Difference : -2.00, Time : 2.40

94932.00 Pa, 0.94 atm
Difference : 9.00, Time : 2.50

94928.00 Pa, 0.94 atm
Difference : -4.00, Time : 2.60

94902.00 Pa, 0.94 atm
Difference : -26.00, Time : 2.70

95395.00 Pa, 0.94 atm
Difference : 493.00, Time : 2.80

97322.00 Pa, 0.96 atm
Difference : 1927.00, Time : 2.90

98746.00 Pa, 0.97 atm
Difference : 1424.00, Time : 3.00

100011.00 Pa, 0.99 atm
Difference : 1265.00, Time : 3.10

102229.00 Pa, 1.01 atm
Difference : 2218.00, Time : 3.20

104206.00 Pa, 1.03 atm
Difference : 1977.00, Time : 3.30

106109.00 Pa, 1.05 atm
Difference : 1903.00, Time : 3.40

107135.00 Pa, 1.06 atm
Difference : 1026.00, Time : 3.50

106919.00 Pa, 1.06 atm
Difference : -216.00, Time : 3.60

106697.00 Pa, 1.05 atm
Difference : -222.00, Time : 3.70

106352.00 Pa, 1.05 atm
Difference : -345.00, Time : 3.80

106179.00 Pa, 1.05 atm
Difference : -173.00, Time : 3.90

106358.00 Pa, 1.05 atm
Difference : 179.00, Time : 4.00

106374.00 Pa, 1.05 atm
Difference : 16.00, Time : 4.10

106359.00 Pa, 1.05 atm
Difference : -15.00, Time : 4.20

106406.00 Pa, 1.05 atm
Difference : 47.00, Time : 4.30

106519.00 Pa, 1.05 atm
Difference : 113.00, Time : 4.40

106552.00 Pa, 1.05 atm
Difference : 33.00, Time : 4.50

106435.00 Pa, 1.05 atm
Difference : -117.00, Time : 4.60

106711.00 Pa, 1.05 atm
Difference : 276.00, Time : 4.70

106600.00 Pa, 1.05 atm
Difference : -111.00, Time : 4.80

106676.00 Pa, 1.05 atm
Difference : 76.00, Time : 4.90

106408.00 Pa, 1.05 atm
Difference : -268.00, Time : 5.00

106310.00 Pa, 1.05 atm
Difference : -98.00, Time : 5.10

106975.00 Pa, 1.06 atm
Difference : 665.00, Time : 5.20

106729.00 Pa, 1.05 atm
Difference : -246.00, Time : 5.30

98502.00 Pa, 0.97 atm
Difference : -8227.00, Time : 5.40

94929.00 Pa, 0.94 atm
Difference : -3573.00, Time : 5.50

94927.00 Pa, 0.94 atm
Difference : -2.00, Time : 5.60

94918.00 Pa, 0.94 atm
Difference : -9.00, Time : 5.70

94928.00 Pa, 0.94 atm
Difference : 10.00, Time : 5.80

94926.00 Pa, 0.94 atm
Difference : -2.00, Time : 5.90

94923.00 Pa, 0.94 atm
Difference : -3.00, Time : 6.00

94927.00 Pa, 0.94 atm
Difference : 4.00, Time : 6.10

94925.00 Pa, 0.94 atm
Difference : -2.00, Time : 6.20

94928.00 Pa, 0.94 atm
Difference : 3.00, Time : 6.30

94929.00 Pa, 0.94 atm
Difference : 1.00, Time : 6.40

94925.00 Pa, 0.94 atm
Difference : -4.00, Time : 6.50

94918.00 Pa, 0.94 atm
Difference : -7.00, Time : 6.60

94932.00 Pa, 0.94 atm
Difference : 14.00, Time : 6.70

94927.00 Pa, 0.94 atm
Difference : -5.00, Time : 6.80

94920.00 Pa, 0.94 atm
Difference : -7.00, Time : 6.90

9