=~=~=~=~=~=~=~=~=~=~=~= PuTTY log 2023.05.20 17:30:29 =~=~=~=~=~=~=~=~=~=~=~=
ime 62.10

94981.00 Pa, 0.94 atm
Difference : 23.00, Time : 62.20

94966.00 Pa, 0.94 atm
Difference ifference : 35.00, Time : 62.10

94981.00 Pa, 0.94 atm
Difference : 23.00, Time : 62.20

94966.00 Pa, 0.94 atm
Difference ifference : 35.00, Time : 62.10

94981.00 Pa, 0.94 atm
Difference : 23.00, Time : 62.20

94966.00 Pa, 0.94 atm
Difference 88986.00 Pa, 0.88 atm
Difference : 88986.00, Time : 0.00

90496.00 Pa, 0.89 atm
Difference : 1510.00, Time : 0.10

95013.00 Pa, 0.94 atm
Difference : 4517.00, Time : 0.20

94934.00 Pa, 0.94 atm
Difference : -79.00, Time : 0.30

94946.00 Pa, 0.94 atm
Difference : 12.00, Time : 0.40

94925.00 Pa, 0.94 atm
Difference : -21.00, Time : 0.50

94928.00 Pa, 0.94 atm
Difference : 3.00, Time : 0.60

94926.00 Pa, 0.94 atm
Difference : -2.00, Time : 0.70

94924.00 Pa, 0.94 atm
Difference : -2.00, Time : 0.80

94929.00 Pa, 0.94 atm
Difference : 5.00, Time : 0.90

94927.00 Pa, 0.94 atm
Difference : -2.00, Time : 1.00

94927.00 Pa, 0.94 atm
Difference : 0.00, Time : 1.10

94930.00 Pa, 0.94 atm
Difference : 3.00, Time : 1.20

94929.00 Pa, 0.94 atm
Difference : -1.00, Time : 1.30

94929.00 Pa, 0.94 atm
Difference : 0.00, Time : 1.40

94926.00 Pa, 0.94 atm
Difference : -3.00, Time : 1.50

94926.00 Pa, 0.94 atm
Difference : 0.00, Time : 1.60

94926.00 Pa, 0.94 atm
Difference : 0.00, Time : 1.70

94929.00 Pa, 0.94 atm
Difference : 3.00, Time : 1.80

94902.00 Pa, 0.94 atm
Difference : -27.00, Time : 1.90

94897.00 Pa, 0.94 atm
Difference : -5.00, Time : 2.00

94875.00 Pa, 0.94 atm
Difference : -22.00, Time : 2.10

94875.00 Pa, 0.94 atm
Difference : 0.00, Time : 2.20

94894.00 Pa, 0.94 atm
Difference : 19.00, Time : 2.30

94901.00 Pa, 0.94 atm
Difference : 7.00, Time : 2.40

94922.00 Pa, 0.94 atm
Difference : 21.00, Time : 2.50

94967.00 Pa, 0.94 atm
Difference : 45.00, Time : 2.60

97333.00 Pa, 0.96 atm
Difference : 2366.00, Time : 2.70

99016.00 Pa, 0.98 atm
Difference : 1683.00, Time : 2.80

100040.00 Pa, 0.99 atm
Difference : 1024.00, Time : 2.90

101131.00 Pa, 1.00 atm
Difference : 1091.00, Time : 3.00

102374.00 Pa, 1.01 atm
Difference : 1243.00, Time : 3.10

104227.00 Pa, 1.03 atm
Difference : 1853.00, Time : 3.20

104943.00 Pa, 1.04 atm
Difference : 716.00, Time : 3.30

104941.00 Pa, 1.04 atm
Difference : -2.00, Time : 3.40

104705.00 Pa, 1.03 atm
Difference : -236.00, Time : 3.50

105489.00 Pa, 1.04 atm
Difference : 784.00, Time : 3.60

105532.00 Pa, 1.04 atm
Difference : 43.00, Time : 3.70

105259.00 Pa, 1.04 atm
Difference : -273.00, Time : 3.80

105081.00 Pa, 1.04 atm
Difference : -178.00, Time : 3.90

105061.00 Pa, 1.04 atm
Difference : -20.00, Time : 4.00

105051.00 Pa, 1.04 atm
Difference : -10.00, Time : 4.10

105144.00 Pa, 1.04 atm
Difference : 93.00, Time : 4.20

105103.00 Pa, 1.04 atm
Difference : -41.00, Time : 4.30

104963.00 Pa, 1.04 atm
Difference : -140.00, Time : 4.40

104418.00 Pa, 1.03 atm
Difference : -545.00, Time : 4.50

104891.00 Pa, 1.04 atm
Difference : 473.00, Time : 4.60

104776.00 Pa, 1.03 atm
Difference : -115.00, Time : 4.70

104916.00 Pa, 1.04 atm
Difference : 140.00, Time : 4.80

104850.00 Pa, 1.03 atm
Difference : -66.00, Time : 4.90

105001.00 Pa, 1.04 atm
Difference : 151.00, Time : 5.00

104603.00 Pa, 1.03 atm
Difference : -398.00, Time : 5.10

96396.00 Pa, 0.95 atm
Difference : -8207.00, Time : 5.20

94926.00 Pa, 0.94 atm
Difference : -1470.00, Time : 5.30

94924.00 Pa, 0.94 atm
Difference : -2.00, Time : 5.40

94923.00 Pa, 0.94 atm
Difference : -1.00, Time : 5.50

94928.00 Pa, 0.94 atm
Difference : 5.00, Time : 5.60

94929.00 Pa, 0.94 atm
Difference : 1.00, Time : 5.70

94928.00 Pa, 0.94 atm
Difference : -1.00, Time : 5.80

94928.00 Pa, 0.94 atm
Difference : 0.00, Time : 5.90

94927.00 Pa, 0.94 atm
Difference : -1.00, Time : 6.00

94926.00 Pa, 0.94 atm
Difference : -1.00, Time : 6.10

94925.00 Pa, 0.94 atm
Difference : -1.00, Time : 6.20

94929.00 Pa, 0.94 atm
Difference : 4.00, Time : 6.30

94931.00 Pa, 0.94 atm
Difference : 2.00, Time : 6.40

94928.00 Pa, 0.94 atm
Difference : -3.00, Time : 6.50

94926.00 Pa, 0.94 atm
Difference : -2.00, Time : 6.60

94926.00 Pa, 0.94 atm
Difference : 0.00, Time : 6.70

94924.00 Pa, 0.94 atm
Difference : -2.00, Time : 6.80

94919.00 Pa, 0.94 atm
Difference : -5.00, Time : 6.90

9