=~=~=~=~=~=~=~=~=~=~=~= PuTTY log 2023.05.18 23:28:37 =~=~=~=~=~=~=~=~=~=~=~=
ure Difference : 1, Time : 33.40

Pressure = 95038 Pa
Difference : 2, Time : 33.50

: -1, Time : 33.30

Pressure = 95036 Pa
Difference : 1, Time : 33.40

Pressure = 95038 Pa
Difference : 2, Time : 33.50

Pressure = 94992 Pa
Difference : 94992, Time : 0.00

Pressure = 94992 Pa
Difference : 0, Time : 0.10

Pressure = 95016 Pa
Difference : 24, Time : 0.20

Pressure = 95008 Pa
Difference : -8, Time : 0.30

Pressure = 95033 Pa
Difference : 25, Time : 0.40

Pressure = 95613 Pa
Difference : 580, Time : 0.50

Pressure = 99638 Pa
Difference : 4025, Time : 0.60

Pressure = 101184 Pa
Difference : 1546, Time : 0.70

Pressure = 102233 Pa
Difference : 1049, Time : 0.80

Pressure = 103392 Pa
Difference : 1159, Time : 0.90

Pressure = 105092 Pa
Difference : 1700, Time : 1.00

Pressure = 106627 Pa
Difference : 1535, Time : 1.10

Pressure = 107997 Pa
Difference : 1370, Time : 1.20

Pressure = 109193 Pa
Difference : 1196, Time : 1.30

Pressure = 108648 Pa
Difference : -545, Time : 1.40

Pressure = 108199 Pa
Difference : -449, Time : 1.50

Pressure = 107772 Pa
Difference : -427, Time : 1.60

Pressure = 107332 Pa
Difference : -440, Time : 1.70

Pressure = 107280 Pa
Difference : -52, Time : 1.80

Pressure = 107651 Pa
Difference : 371, Time : 1.90

Pressure = 107092 Pa
Difference : -559, Time : 2.00

Pressure = 106803 Pa
Difference : -289, Time : 2.10

Pressure = 107003 Pa
Difference : 200, Time : 2.20

Pressure = 106826 Pa
Difference : -177, Time : 2.30

Pressure = 106410 Pa
Difference : -416, Time : 2.40

Pressure = 106846 Pa
Difference : 436, Time : 2.50

Pressure = 106982 Pa
Difference : 136, Time : 2.60

Pressure = 103543 Pa
Difference : -3439, Time : 2.70

Pressure = 95155 Pa
Difference : -8388, Time : 2.80

Pressure = 95036 Pa
Difference : -119, Time : 2.90

Pressure = 95044 Pa
Difference : 8, Time : 3.00

Pressure = 95040 Pa
Difference : -4, Time : 3.10

Pressure = 95031 Pa
Difference : -9, Time : 3.20

Pressure = 95037 Pa
Difference : 6, Time : 3.30

Pressure = 95033 Pa
Difference : -4, Time : 3.40

Pressure = 95036 Pa
Difference : 3, Time : 3.50

Pressure = 95038 Pa
Difference : 2, Time : 3.60

Pressure = 95036 Pa
Difference : -2, Time : 3.70

Pressure = 95035 Pa
Difference : -1, Time : 3.80

Pressure = 95029 Pa
Difference : -6, Time : 3.90

Pressure = 95034 Pa
Difference : 5, Time : 4.00

Pressure = 95035 Pa
Difference : 1, Time : 4.10

Pressure = 95036 Pa
Difference : 1, Time : 4.20

Pressure = 95034 Pa
Difference : -2, Time : 4.30

Pressure = 95031 Pa
Difference : -3, Time : 4.40

Pressure = 95031 Pa
Difference : 0, Time : 4.50

Pressure = 95032 Pa
Difference : 1, Time : 4.60

Pressure = 95036 Pa
Difference : 4, Time : 4.70

Pressure = 95036 Pa
Difference : 0, Time : 4.80

Pressure = 95038 Pa
Difference : 2, Time : 4.90

Pressure = 95029 Pa
Difference : -9, Time : 5.00

Pressure = 95043 Pa
Difference : 14, Time : 5.10

Pressure = 95037 Pa
Difference : -6, Time : 5.20

Pressure = 95041 Pa
Difference : 4, Time : 5.30

Pressure = 95039 Pa
Difference : -2, Time : 5.40

Pressure = 95037 Pa
Difference : -2, Time : 5.50

Pressure = 95039 Pa
Difference : 2, Time : 5.60

Pressure = 95040 Pa
Difference : 1, Time : 5.70

Pressure = 95037 Pa
Difference : -3, Time : 5.80

Pressure = 95039 Pa
Difference : 2, Time : 5.90

Pressure = 95042 Pa
Difference : 3, Time : 6.00

Pressure = 95037 Pa
Difference : -5, Time : 6.10

Pressure = 95037 Pa
Difference : 0, Time : 6.20

Pressure = 95042 Pa
Difference : 5, Time : 6.30

P