=~=~=~=~=~=~=~=~=~=~=~= PuTTY log 2023.05.18 23:14:47 =~=~=~=~=~=~=~=~=~=~=~=
Pree.00

, Time : 173.80

Pressure = 95029 Pa
Difference : -7, Time : 173.90

Pressure = 95030 Pa
Difference : 1, Time : 174.00

Pressure = 95006 Pa
Difference : 95006, Time : 0.00

Pressure = 95016 Pa
Difference : 10, Time : 0.10

Pressure = 95027 Pa
Difference : 11, Time : 0.20

Pressure = 95028 Pa
Difference : 1, Time : 0.30

Pressure = 95385 Pa
Difference : 357, Time : 0.40

Pressure = 100929 Pa
Difference : 5544, Time : 0.50

Pressure = 103557 Pa
Difference : 2628, Time : 0.60

Pressure = 104545 Pa
Difference : 988, Time : 0.70

Pressure = 104209 Pa
Difference : -336, Time : 0.80

Pressure = 104062 Pa
Difference : -147, Time : 0.90

Pressure = 103923 Pa
Difference : -139, Time : 1.00

Pressure = 103788 Pa
Difference : -135, Time : 1.10

Pressure = 103556 Pa
Difference : -232, Time : 1.20

Pressure = 104024 Pa
Difference : 468, Time : 1.30

Pressure = 96932 Pa
Difference : -7092, Time : 1.40

Pressure = 94995 Pa
Difference : -1937, Time : 1.50

Pressure = 94996 Pa
Difference : 1, Time : 1.60

Pressure = 94968 Pa
Difference : -28, Time : 1.70

Pressure = 95189 Pa
Difference : 221, Time : 1.80

Pressure = 97583 Pa
Difference : 2394, Time : 1.90

Pressure = 98397 Pa
Difference : 814, Time : 2.00

Pressure = 99266 Pa
Difference : 869, Time : 2.10

Pressure = 100094 Pa
Difference : 828, Time : 2.20

Pressure = 100781 Pa
Difference : 687, Time : 2.30

Pressure = 101489 Pa
Difference : 708, Time : 2.40

Pressure = 102033 Pa
Difference : 544, Time : 2.50

Pressure = 102804 Pa
Difference : 771, Time : 2.60

Pressure = 103110 Pa
Difference : 306, Time : 2.70

Pressure = 103188 Pa
Difference : 78, Time : 2.80

Pressure = 103726 Pa
Difference : 538, Time : 2.90

Pressure = 103670 Pa
Difference : -56, Time : 3.00

Pressure = 103669 Pa
Difference : -1, Time : 3.10

Pressure = 103389 Pa
Difference : -280, Time : 3.20

Pressure = 103364 Pa
Difference : -25, Time : 3.30

Pressure = 103262 Pa
Difference : -102, Time : 3.40

Pressure = 103314 Pa
Difference : 52, Time : 3.50

Pressure = 103203 Pa
Difference : -111, Time : 3.60

Pressure = 103283 Pa
Difference : 80, Time : 3.70

Pressure = 103559 Pa
Difference : 276, Time : 3.80

Pressure = 102662 Pa
Difference : -897, Time : 3.90

Pressure = 94974 Pa
Difference : -7688, Time : 4.00

Pressure = 95037 Pa
Difference : 63, Time : 4.10

Pressure = 95037 Pa
Difference : 0, Time : 4.20

Pressure = 95039 Pa
Difference : 2, Time : 4.30

Pressure = 95040 Pa
Difference : 1, Time : 4.40

Pressure = 95043 Pa
Difference : 3, Time : 4.50

Pressure = 95038 Pa
Difference : -5, Time : 4.60

Pressure = 95044 Pa
Difference : 6, Time : 4.70

Pressure = 95038 Pa
Difference : -6, Time : 4.80

Pressure = 95040 Pa
Difference : 2, Time : 4.90

Pressure = 95038 Pa
Difference : -2, Time : 5.00

Pressure = 95036 Pa
Difference : -2, Time : 5.10

Pressure = 95040 Pa
Difference : 4, Time : 5.20

Pressure = 95039 Pa
Difference : -1, Time : 5.30

Pressure = 95040 Pa
Difference : 1, Time : 5.40

Pressure = 95041 Pa
Difference : 1, Time : 5.50

Pressure = 95041 Pa
Difference : 0, Time : 5.60

Pressure = 95045 Pa
Difference : 4, Time : 5.70

Pressure = 95039 Pa
Difference : -6, Time : 5.80

Pressure = 95038 Pa
Difference : -1, Time : 5.90

Pressure = 95040 Pa
Difference : 2, Time : 6.00

Pressure = 95043 Pa
Difference : 3, Time : 6.10

Pressure = 95043 Pa
Difference : 0, Time : 6.20

Pressure = 95040 Pa
Difference : -3, Time : 6.30

Pressure = 95037 Pa
Difference : -3, Time : 6.40

Pressure = 95036 Pa
Difference : -1, Time : 6.50

Pressure = 95038 Pa
Difference : 2, Time : 6.60

Pressure = 95038 Pa
Difference : 0, Time : 6.70

Pressure = 95038 Pa
Difference : 0, Time : 6.80

Pressure = 95043 Pa
Difference : 5, Time : 6.90

Pressure = 95043 Pa
Difference : 0, Time : 7.00

Pressure = 95035 Pa
Difference : -8, Time : 7.10

P