=~=~=~=~=~=~=~=~=~=~=~= PuTTY log 2023.05.18 23:31:16 =~=~=~=~=~=~=~=~=~=~=~=
 0, fference : -5, Time : 27.80

Pressure = 95041 Pa
Difference : 10, Time : 27.90

 0, Time : 27.70

Pressure = 95031 Pa
Difference : -5, Time : 27.80

Pressure = 95041 Pa
Difference : 10, Time : 27.90

 0, Time : 27.70

Pressure = 95031 Pa
Difference : -5, Time : 27.80

Pressure = 95041 Pa
Difference : 10, Time : 27.90

Pressure = 94989 Pa
Difference : 94989, Time : 0.00

Pressure = 94989 Pa
Difference : 0, Time : 0.10

Pressure = 95035 Pa
Difference : 46, Time : 0.20

Pressure = 98639 Pa
Difference : 3604, Time : 0.30

Pressure = 101650 Pa
Difference : 3011, Time : 0.40

Pressure = 103079 Pa
Difference : 1429, Time : 0.50

Pressure = 104143 Pa
Difference : 1064, Time : 0.60

Pressure = 104924 Pa
Difference : 781, Time : 0.70

Pressure = 105294 Pa
Difference : 370, Time : 0.80

Pressure = 104882 Pa
Difference : -412, Time : 0.90

Pressure = 104899 Pa
Difference : 17, Time : 1.00

Pressure = 104737 Pa
Difference : -162, Time : 1.10

Pressure = 104958 Pa
Difference : 221, Time : 1.20

Pressure = 104406 Pa
Difference : -552, Time : 1.30

Pressure = 104567 Pa
Difference : 161, Time : 1.40

Pressure = 104606 Pa
Difference : 39, Time : 1.50

Pressure = 104648 Pa
Difference : 42, Time : 1.60

Pressure = 104887 Pa
Difference : 239, Time : 1.70

Pressure = 104495 Pa
Difference : -392, Time : 1.80

Pressure = 104573 Pa
Difference : 78, Time : 1.90

Pressure = 104332 Pa
Difference : -241, Time : 2.00

Pressure = 104921 Pa
Difference : 589, Time : 2.10

Pressure = 105189 Pa
Difference : 268, Time : 2.20

Pressure = 100102 Pa
Difference : -5087, Time : 2.30

Pressure = 95048 Pa
Difference : -5054, Time : 2.40

Pressure = 95035 Pa
Difference : -13, Time : 2.50

Pressure = 95030 Pa
Difference : -5, Time : 2.60

Pressure = 95038 Pa
Difference : 8, Time : 2.70

Pressure = 95031 Pa
Difference : -7, Time : 2.80

Pressure = 95038 Pa
Difference : 7, Time : 2.90

Pressure = 95037 Pa
Difference : -1, Time : 3.00

Pressure = 95034 Pa
Difference : -3, Time : 3.10

Pressure = 95031 Pa
Difference : -3, Time : 3.20

Pressure = 95032 Pa
Difference : 1, Time : 3.30

Pressure = 95032 Pa
Difference : 0, Time : 3.40

Pressure = 95029 Pa
Difference : -3, Time : 3.50

Pressure = 95035 Pa
Difference : 6, Time : 3.60

Pressure = 95039 Pa
Difference : 4, Time : 3.70

Pressure = 95033 Pa
Difference : -6, Time : 3.80

Pressure = 95034 Pa
Difference : 1, Time : 3.90

Pressure = 95029 Pa
Difference : -5, Time : 4.00

Pressure = 95036 Pa
Difference : 7, Time : 4.10

Pressure = 95031 Pa
Difference : -5, Time : 4.20

Pressure = 95036 Pa
Difference : 5, Time : 4.30

Pressure = 95035 Pa
Difference : -1, Time : 4.40

Pressure = 95035 Pa
Difference : 0, Time : 4.50

Pressure = 95036 Pa
Difference : 1, Time : 4.60

Pressure = 95037 Pa
Difference : 1, Time : 4.70

Pressure = 95031 Pa
Difference : -6, Time : 4.80

Pressure = 95034 Pa
Difference : 3, Time : 4.90

Pressure = 95037 Pa
Difference : 3, Time : 5.00

Pressure = 95033 Pa
Difference : -4, Time : 5.10

Pressure = 9