=~=~=~=~=~=~=~=~=~=~=~= PuTTY log 2023.05.18 23:32:07 =~=~=~=~=~=~=~=~=~=~=~=
Pres15, Time : 36.00

Pressure = 95042 Pa
Difference : 0, Time : 36.10

Pressure = 95040 Pa
Difference : -2, Time : 36.20

Pressure = 94990 Pa
Difference : 94990, Time : 0.00

Pressure = 95003 Pa
Difference : 13, Time : 0.10

Pressure = 94999 Pa
Difference : -4, Time : 0.20

Pressure = 95008 Pa
Difference : 9, Time : 0.30

Pressure = 95409 Pa
Difference : 401, Time : 0.40

Pressure = 98343 Pa
Difference : 2934, Time : 0.50

Pressure = 99819 Pa
Difference : 1476, Time : 0.60

Pressure = 101035 Pa
Difference : 1216, Time : 0.70

Pressure = 102222 Pa
Difference : 1187, Time : 0.80

Pressure = 103399 Pa
Difference : 1177, Time : 0.90

Pressure = 104327 Pa
Difference : 928, Time : 1.00

Pressure = 104581 Pa
Difference : 254, Time : 1.10

Pressure = 104601 Pa
Difference : 20, Time : 1.20

Pressure = 104274 Pa
Difference : -327, Time : 1.30

Pressure = 104406 Pa
Difference : 132, Time : 1.40

Pressure = 104313 Pa
Difference : -93, Time : 1.50

Pressure = 103841 Pa
Difference : -472, Time : 1.60

Pressure = 103891 Pa
Difference : 50, Time : 1.70

Pressure = 103906 Pa
Difference : 15, Time : 1.80

Pressure = 104247 Pa
Difference : 341, Time : 1.90

Pressure = 103516 Pa
Difference : -731, Time : 2.00

Pressure = 103740 Pa
Difference : 224, Time : 2.10

Pressure = 103570 Pa
Difference : -170, Time : 2.20

Pressure = 103754 Pa
Difference : 184, Time : 2.30

Pressure = 96080 Pa
Difference : -7674, Time : 2.40

Pressure = 95044 Pa
Difference : -1036, Time : 2.50

Pressure = 95035 Pa
Difference : -9, Time : 2.60

Pressure = 95039 Pa
Difference : 4, Time : 2.70

Pressure = 95041 Pa
Difference : 2, Time : 2.80

Pressure = 95034 Pa
Difference : -7, Time : 2.90

Pressure = 95038 Pa
Difference : 4, Time : 3.00

Pressure = 95033 Pa
Difference : -5, Time : 3.10

Pressure = 95032 Pa
Difference : -1, Time : 3.20

Pressure = 95041 Pa
Difference : 9, Time : 3.30

Pressure = 95037 Pa
Difference : -4, Time : 3.40

Pressure = 95033 Pa
Difference : -4, Time : 3.50

Pressure = 95035 Pa
Difference : 2, Time : 3.60

Pressure = 95040 Pa
Difference : 5, Time : 3.70

Pressure = 95037 Pa
Difference : -3, Time : 3.80

Pressure = 95033 Pa
Difference : -4, Time : 3.90

Pressure = 95035 Pa
Difference : 2, Time : 4.00

Pressure = 95035 Pa
Difference : 0, Time : 4.10

Pressure = 95031 Pa
Difference : -4, Time : 4.20

Pressure = 95035 Pa
Difference : 4, Time : 4.30

Pressure = 95034 Pa
Difference : -1, Time : 4.40

Pressure = 95032 Pa
Difference : -2, Time : 4.50

Pressure = 95034 Pa
Difference : 2, Time : 4.60

Pressure = 95035 Pa
Difference : 1, Time : 4.70

Pressure = 95032 Pa
Difference : -3, Time : 4.80

Pressure = 95032 Pa
Difference : 0, Time : 4.90

Pressure = 95042 Pa
Difference : 10, Time : 5.00

Pressure = 95035 Pa
Difference : -7, Time : 5.10

Pressure = 95034 Pa
Difference : -1, Time : 5.20

Pressure = 95029 Pa
Difference : -5, Time : 5.30

Pressure = 95029 Pa
Difference : 0, Time : 5.40

Pressure = 95038 Pa
Difference : 9, Time : 5.50

P