=~=~=~=~=~=~=~=~=~=~=~= PuTTY log 2023.05.18 23:33:14 =~=~=~=~=~=~=~=~=~=~=~=
essun

 4, Time : 48.40

Pressure = 95038 Pa
Difference : -2, Time : 48.50

Pressure = 95034 Pa
Difference : -4, Time : 48.60

Pressure = 95106 Pa
Difference : 95106, Time : 0.00

Pressure = 96879 Pa
Difference : 1773, Time : 0.10

Pressure = 98745 Pa
Difference : 1866, Time : 0.20

Pressure = 100176 Pa
Difference : 1431, Time : 0.30

Pressure = 101721 Pa
Difference : 1545, Time : 0.40

Pressure = 103269 Pa
Difference : 1548, Time : 0.50

Pressure = 104582 Pa
Difference : 1313, Time : 0.60

Pressure = 105099 Pa
Difference : 517, Time : 0.70

Pressure = 104793 Pa
Difference : -306, Time : 0.80

Pressure = 104887 Pa
Difference : 94, Time : 0.90

Pressure = 104728 Pa
Difference : -159, Time : 1.00

Pressure = 104495 Pa
Difference : -233, Time : 1.10

Pressure = 104896 Pa
Difference : 401, Time : 1.20

Pressure = 104692 Pa
Difference : -204, Time : 1.30

Pressure = 104063 Pa
Difference : -629, Time : 1.40

Pressure = 104467 Pa
Difference : 404, Time : 1.50

Pressure = 104474 Pa
Difference : 7, Time : 1.60

Pressure = 104554 Pa
Difference : 80, Time : 1.70

Pressure = 104332 Pa
Difference : -222, Time : 1.80

Pressure = 104518 Pa
Difference : 186, Time : 1.90

Pressure = 104623 Pa
Difference : 105, Time : 2.00

Pressure = 104307 Pa
Difference : -316, Time : 2.10

Pressure = 104196 Pa
Difference : -111, Time : 2.20

Pressure = 105191 Pa
Difference : 995, Time : 2.30

Pressure = 105195 Pa
Difference : 4, Time : 2.40

Pressure = 104326 Pa
Difference : -869, Time : 2.50

Pressure = 103639 Pa
Difference : -687, Time : 2.60

Pressure = 104161 Pa
Difference : 522, Time : 2.70

Pressure = 103802 Pa
Difference : -359, Time : 2.80

Pressure = 103231 Pa
Difference : -571, Time : 2.90

Pressure = 96789 Pa
Difference : -6442, Time : 3.00

Pressure = 95043 Pa
Difference : -1746, Time : 3.10

Pressure = 95035 Pa
Difference : -8, Time : 3.20

Pressure = 95040 Pa
Difference : 5, Time : 3.30

Pressure = 95039 Pa
Difference : -1, Time : 3.40

Pressure = 95041 Pa
Difference : 2, Time : 3.50

Pressure = 95038 Pa
Difference : -3, Time : 3.60

Pressure = 95049 Pa
Difference : 11, Time : 3.70

Pressure = 95039 Pa
Difference : -10, Time : 3.80

Pressure = 95042 Pa
Difference : 3, Time : 3.90

Pressure = 95033 Pa
Difference : -9, Time : 4.00

Pressure = 95046 Pa
Difference : 13, Time : 4.10

Pressure = 95035 Pa
Difference : -11, Time : 4.20

Pressure = 95038 Pa
Difference : 3, Time : 4.30

Pressure = 95035 Pa
Difference : -3, Time : 4.40

Pressure = 95044 Pa
Difference : 9, Time : 4.50

Pressure = 95045 Pa
Difference : 1, Time : 4.60

Pressure = 95039 Pa
Difference : -6, Time : 4.70

Pressure = 95043 Pa
Difference : 4, Time : 4.80

Pressure = 95043 Pa
Difference : 0, Time : 4.90

Pressure = 95041 Pa
Difference : -2, Time : 5.00

Pressure = 95043 Pa
Difference : 2, Time : 5.10

Pressure = 95045 Pa
Difference : 2, Time : 5.20

Pressure = 95036 Pa
Difference : -9, Time : 5.30

Pressure = 95031 Pa
Difference : -5, Time : 5.40

Pressure = 95032 Pa
Difference : 1, Time : 5.50

Pressure = 95038 Pa
Difference : 6, Time : 5.60

Pressure = 95039 Pa
Difference : 1, Time : 5.70

Pressure = 95040 Pa
Difference : 1, Time : 5.80

P