=~=~=~=~=~=~=~=~=~=~=~= PuTTY log 2023.05.18 23:24:13 =~=~=~=~=~=~=~=~=~=~=~=
9503Time : 66.50

Pressure =  66.30

Pressure = 95033 Pa
Difference : -2, Time : 66.40

Pressure = 95037 Pa
Difference : 4, Time : 66.50

Pressure =  66.30

Pressure = 95033 Pa
Difference : -2, Time : 66.40

Pressure = 95037 Pa
Difference : 4, Time : 66.50

Pressure = Pressure = 95039 Pa
Difference : 95039, Time : 0.00

Pressure = 95033 Pa
Difference : -6, Time : 0.10

Pressure = 95778 Pa
Difference : 745, Time : 0.20

Pressure = 97592 Pa
Difference : 1814, Time : 0.30

Pressure = 98373 Pa
Difference : 781, Time : 0.40

Pressure = 99471 Pa
Difference : 1098, Time : 0.50

Pressure = 100546 Pa
Difference : 1075, Time : 0.60

Pressure = 101517 Pa
Difference : 971, Time : 0.70

Pressure = 102443 Pa
Difference : 926, Time : 0.80

Pressure = 103117 Pa
Difference : 674, Time : 0.90

Pressure = 103568 Pa
Difference : 451, Time : 1.00

Pressure = 104363 Pa
Difference : 795, Time : 1.10

Pressure = 104514 Pa
Difference : 151, Time : 1.20

Pressure = 104491 Pa
Difference : -23, Time : 1.30

Pressure = 104590 Pa
Difference : 99, Time : 1.40

Pressure = 104531 Pa
Difference : -59, Time : 1.50

Pressure = 104474 Pa
Difference : -57, Time : 1.60

Pressure = 104430 Pa
Difference : -44, Time : 1.70

Pressure = 104161 Pa
Difference : -269, Time : 1.80

Pressure = 104167 Pa
Difference : 6, Time : 1.90

Pressure = 104148 Pa
Difference : -19, Time : 2.00

Pressure = 103892 Pa
Difference : -256, Time : 2.10

Pressure = 104178 Pa
Difference : 286, Time : 2.20

Pressure = 104331 Pa
Difference : 153, Time : 2.30

Pressure = 104927 Pa
Difference : 596, Time : 2.40

Pressure = 98547 Pa
Difference : -6380, Time : 2.50

Pressure = 94878 Pa
Difference : -3669, Time : 2.60

Pressure = 95028 Pa
Difference : 150, Time : 2.70

Pressure = 95034 Pa
Difference : 6, Time : 2.80

Pressure = 95006 Pa
Difference : -28, Time : 2.90

Pressure = 94995 Pa
Difference : -11, Time : 3.00

Pressure = 95012 Pa
Difference : 17, Time : 3.10

Pressure = 95008 Pa
Difference : -4, Time : 3.20

Pressure = 95011 Pa
Difference : 3, Time : 3.30

Pressure = 95026 Pa
Difference : 15, Time : 3.40

Pressure = 95027 Pa
Difference : 1, Time : 3.50

Pressure = 95111 Pa
Difference : 84, Time : 3.60

Pressure = 96972 Pa
Difference : 1861, Time : 3.70

Pressure = 97873 Pa
Difference : 901, Time : 3.80

Pressure = 98697 Pa
Difference : 824, Time : 3.90

Pressure = 99615 Pa
Difference : 918, Time : 4.00

Pressure = 100545 Pa
Difference : 930, Time : 4.10

Pressure = 101607 Pa
Difference : 1062, Time : 4.20

Pressure = 102618 Pa
Difference : 1011, Time : 4.30

Pressure = 103451 Pa
Difference : 833, Time : 4.40

Pressure = 104661 Pa
Difference : 1210, Time : 4.50

Pressure = 104888 Pa
Difference : 227, Time : 4.60

Pressure = 104704 Pa
Difference : -184, Time : 4.70

Pressure = 104450 Pa
Difference : -254, Time : 4.80

Pressure = 104403 Pa
Difference : -47, Time : 4.90

Pressure = 104288 Pa
Difference : -115, Time : 5.00

Pressure = 104145 Pa
Difference : -143, Time : 5.10

Pressure = 104368 Pa
Difference : 223, Time : 5.20

Pressure = 104004 Pa
Difference : -364, Time : 5.30

Pressure = 103968 Pa
Difference : -36, Time : 5.40

Pressure = 104512 Pa
Difference : 544, Time : 5.50

Pressure = 104541 Pa
Difference : 29, Time : 5.60

Pressure = 104565 Pa
Difference : 24, Time : 5.70

Pressure = 104605 Pa
Difference : 40, Time : 5.80

Pressure = 105480 Pa
Difference : 875, Time : 5.90

Pressure = 103513 Pa
Difference : -1967, Time : 6.00

Pressure = 95140 Pa
Difference : -8373, Time : 6.10

Pressure = 95023 Pa
Difference : -117, Time : 6.20

Pressure = 95028 Pa
Difference : 5, Time : 6.30

Pressure = 95033 Pa
Difference : 5, Time : 6.40

Pressure = 95034 Pa
Difference : 1, Time : 6.50

Pressure = 95037 Pa
Difference : 3, Time : 6.60

Pressure = 95032 Pa
Difference : -5, Time : 6.70

Pressure = 95026 Pa
Difference : -6, Time : 6.80

Pressure = 95019 Pa
Difference : -7, Time : 6.90

Pressure = 95036 Pa
Difference : 17, Time : 7.00

Pressure = 95026 Pa
Difference : -10, Time : 7.10

Pressure = 95028 Pa
Difference : 2, Time : 7.20

Pressure = 95029 Pa
Difference : 1, Time : 7.30

Pressure = 95029 Pa
Difference : 0, Time : 7.40

Pressure = 95036 Pa
Difference : 7, Time : 7.50

Pressure = 95032 Pa
Difference : -4, Time : 7.60

Pressure = 95031 Pa
Difference : -1, Time : 7.70

Pressure = 95034 Pa
Difference : 3, Time : 7.80

Pressure = 95030 Pa
Difference : -4, Time : 7.90

Pressure = 95038 Pa
Difference : 8, Time : 8.00

Pressure = 95030 Pa
Difference : -8, Time : 8.10

Pressure = 95033 Pa
Difference : 3, Time : 8.20

Pressure = 95030 Pa
Difference : -3, Time : 8.30

Pressure = 95029 Pa
Difference : -1, Time : 8.40

Pressure = 95037 Pa
Difference : 8, Time : 8.50

Pressure = 95035 Pa
Difference : -2, Time : 8.60

Pressure = 95031 Pa
Difference : -4, Time : 8.70

Pressure = 95032 Pa
Difference : 1, Time : 8.80

Pressure = 95026 Pa
Difference : -6, Time : 8.90

Pressure = 9