=~=~=~=~=~=~=~=~=~=~=~= PuTTY log 2023.05.20 20:09:24 =~=~=~=~=~=~=~=~=~=~=~=
.80am
Difference : -4.00, Time : 113.60

3.40

95060.00 Pa, 0.94 atm
Difference : -2.00, Time : 113.50

95056.00 Pa, 0.94 atm
Difference : -4.00, Time : 113.60

95065.00 Pa, 0.94 atm
Difference : 95065.00, Time : 0.00

95062.00 Pa, 0.94 atm
Difference : -3.00, Time : 0.10

95065.00 Pa, 0.94 atm
Difference : 3.00, Time : 0.20

95060.00 Pa, 0.94 atm
Difference : -5.00, Time : 0.30

95066.00 Pa, 0.94 atm
Difference : 6.00, Time : 0.40

95063.00 Pa, 0.94 atm
Difference : -3.00, Time : 0.50

95066.00 Pa, 0.94 atm
Difference : 3.00, Time : 0.60

95061.00 Pa, 0.94 atm
Difference : -5.00, Time : 0.70

95064.00 Pa, 0.94 atm
Difference : 3.00, Time : 0.80

95055.00 Pa, 0.94 atm
Difference : -9.00, Time : 0.90

95059.00 Pa, 0.94 atm
Difference : 4.00, Time : 1.00

95052.00 Pa, 0.94 atm
Difference : -7.00, Time : 1.10

95059.00 Pa, 0.94 atm
Difference : 7.00, Time : 1.20

95058.00 Pa, 0.94 atm
Difference : -1.00, Time : 1.30

95061.00 Pa, 0.94 atm
Difference : 3.00, Time : 1.40

95056.00 Pa, 0.94 atm
Difference : -5.00, Time : 1.50

95060.00 Pa, 0.94 atm
Difference : 4.00, Time : 1.60

95059.00 Pa, 0.94 atm
Difference : -1.00, Time : 1.70

95062.00 Pa, 0.94 atm
Difference : 3.00, Time : 1.80

95061.00 Pa, 0.94 atm
Difference : -1.00, Time : 1.90

95071.00 Pa, 0.94 atm
Difference : 10.00, Time : 2.00

95077.00 Pa, 0.94 atm
Difference : 6.00, Time : 2.10

95067.00 Pa, 0.94 atm
Difference : -10.00, Time : 2.20

95064.00 Pa, 0.94 atm
Difference : -3.00, Time : 2.30

95069.00 Pa, 0.94 atm
Difference : 5.00, Time : 2.40

95074.00 Pa, 0.94 atm
Difference : 5.00, Time : 2.50

95055.00 Pa, 0.94 atm
Difference : -19.00, Time : 2.60

95040.00 Pa, 0.94 atm
Difference : -15.00, Time : 2.70

95026.00 Pa, 0.94 atm
Difference : -14.00, Time : 2.80

95016.00 Pa, 0.94 atm
Difference : -10.00, Time : 2.90

95016.00 Pa, 0.94 atm
Difference : 0.00, Time : 3.00

95021.00 Pa, 0.94 atm
Difference : 5.00, Time : 3.10

95040.00 Pa, 0.94 atm
Difference : 19.00, Time : 3.20

95021.00 Pa, 0.94 atm
Difference : -19.00, Time : 3.30

95052.00 Pa, 0.94 atm
Difference : 31.00, Time : 3.40

95397.00 Pa, 0.94 atm
Difference : 345.00, Time : 3.50

98091.00 Pa, 0.97 atm
Difference : 2694.00, Time : 3.60

99483.00 Pa, 0.98 atm
Difference : 1392.00, Time : 3.70

100781.00 Pa, 0.99 atm
Difference : 1298.00, Time : 3.80

102959.00 Pa, 1.02 atm
Difference : 2178.00, Time : 3.90

105179.00 Pa, 1.04 atm
Difference : 2220.00, Time : 4.00

107638.00 Pa, 1.06 atm
Difference : 2459.00, Time : 4.10

110580.00 Pa, 1.09 atm
Difference : 2942.00, Time : 4.20

111077.00 Pa, 1.10 atm
Difference : 497.00, Time : 4.30

110451.00 Pa, 1.09 atm
Difference : -626.00, Time : 4.40

110108.00 Pa, 1.09 atm
Difference : -343.00, Time : 4.50

109532.00 Pa, 1.08 atm
Difference : -576.00, Time : 4.60

109334.00 Pa, 1.08 atm
Difference : -198.00, Time : 4.70

109120.00 Pa, 1.08 atm
Difference : -214.00, Time : 4.80

109396.00 Pa, 1.08 atm
Difference : 276.00, Time : 4.90

109771.00 Pa, 1.08 atm
Difference : 375.00, Time : 5.00

110065.00 Pa, 1.09 atm
Difference : 294.00, Time : 5.10

110155.00 Pa, 1.09 atm
Difference : 90.00, Time : 5.20

110316.00 Pa, 1.09 atm
Difference : 161.00, Time : 5.30

99527.00 Pa, 0.98 atm
Difference : -10789.00, Time : 5.40

95058.00 Pa, 0.94 atm
Difference : -4469.00, Time : 5.50

95061.00 Pa, 0.94 atm
Difference : 3.00, Time : 5.60

95057.00 Pa, 0.94 atm
Difference : -4.00, Time : 5.70

95066.00 Pa, 0.94 atm
Difference : 9.00, Time : 5.80

95067.00 Pa, 0.94 atm
Difference : 1.00, Time : 5.90

95064.00 Pa, 0.94 atm
Difference : -3.00, Time : 6.00

95067.00 Pa, 0.94 atm
Difference : 3.00, Time : 6.10

95068.00 Pa, 0.94 atm
Difference : 1.00, Time : 6.20

95067.00 Pa, 0.94 atm
Difference : -1.00, Time : 6.30

95069.00 Pa, 0.94 atm
Difference : 2.00, Time : 6.40

95071.00 Pa, 0.94 atm
Difference : 2.00, Time : 6.50

95067.00 Pa, 0.94 atm
Difference : -4.00, Time : 6.60

95067.00 Pa, 0.94 atm