=~=~=~=~=~=~=~=~=~=~=~= PuTTY log 2023.05.20 20:24:54 =~=~=~=~=~=~=~=~=~=~=~=
9510m

 55.30

95104.00 Pa, 0.94 atm
Difference : 22.00, Time : 55.40

95103.00 Pa, 0.94 atm
Difference : -1.00, Time : 55.50

 55.30

95104.00 Pa, 0.94 atm
Difference : 22.00, Time : 55.40

95103.00 Pa, 0.94 atm
Difference : -1.00, Time : 55.50

 55.30

95104.00 Pa, 0.94 atm
Difference : 22.00, Time : 55.40

95103.00 Pa, 0.94 atm
Difference : -1.00, Time : 55.50

95106.00 Pa, 0.94 atm
Difference : 95106.00, Time : 0.00

95100.00 Pa, 0.94 atm
Difference : -6.00, Time : 0.10

95103.00 Pa, 0.94 atm
Difference : 3.00, Time : 0.20

95101.00 Pa, 0.94 atm
Difference : -2.00, Time : 0.30

95089.00 Pa, 0.94 atm
Difference : -12.00, Time : 0.40

95099.00 Pa, 0.94 atm
Difference : 10.00, Time : 0.50

95102.00 Pa, 0.94 atm
Difference : 3.00, Time : 0.60

95105.00 Pa, 0.94 atm
Difference : 3.00, Time : 0.70

95105.00 Pa, 0.94 atm
Difference : 0.00, Time : 0.80

95111.00 Pa, 0.94 atm
Difference : 6.00, Time : 0.90

95107.00 Pa, 0.94 atm
Difference : -4.00, Time : 1.00

95111.00 Pa, 0.94 atm
Difference : 4.00, Time : 1.10

95108.00 Pa, 0.94 atm
Difference : -3.00, Time : 1.20

95107.00 Pa, 0.94 atm
Difference : -1.00, Time : 1.30

95104.00 Pa, 0.94 atm
Difference : -3.00, Time : 1.40

95104.00 Pa, 0.94 atm
Difference : 0.00, Time : 1.50

95103.00 Pa, 0.94 atm
Difference : -1.00, Time : 1.60

95099.00 Pa, 0.94 atm
Difference : -4.00, Time : 1.70

95094.00 Pa, 0.94 atm
Difference : -5.00, Time : 1.80

95096.00 Pa, 0.94 atm
Difference : 2.00, Time : 1.90

95038.00 Pa, 0.94 atm
Difference : -58.00, Time : 2.00

95044.00 Pa, 0.94 atm
Difference : 6.00, Time : 2.10

95048.00 Pa, 0.94 atm
Difference : 4.00, Time : 2.20

95053.00 Pa, 0.94 atm
Difference : 5.00, Time : 2.30

95061.00 Pa, 0.94 atm
Difference : 8.00, Time : 2.40

95075.00 Pa, 0.94 atm
Difference : 14.00, Time : 2.50

95095.00 Pa, 0.94 atm
Difference : 20.00, Time : 2.60

95098.00 Pa, 0.94 atm
Difference : 3.00, Time : 2.70

95101.00 Pa, 0.94 atm
Difference : 3.00, Time : 2.80

96020.00 Pa, 0.95 atm
Difference : 919.00, Time : 2.90

98755.00 Pa, 0.97 atm
Difference : 2735.00, Time : 3.00

100524.00 Pa, 0.99 atm
Difference : 1769.00, Time : 3.10

102157.00 Pa, 1.01 atm
Difference : 1633.00, Time : 3.20

103975.00 Pa, 1.03 atm
Difference : 1818.00, Time : 3.30

106558.00 Pa, 1.05 atm
Difference : 2583.00, Time : 3.40

107777.00 Pa, 1.06 atm
Difference : 1219.00, Time : 3.50

107585.00 Pa, 1.06 atm
Difference : -192.00, Time : 3.60

107260.00 Pa, 1.06 atm
Difference : -325.00, Time : 3.70

106907.00 Pa, 1.06 atm
Difference : -353.00, Time : 3.80

107240.00 Pa, 1.06 atm
Difference : 333.00, Time : 3.90

106972.00 Pa, 1.06 atm
Difference : -268.00, Time : 4.00

106915.00 Pa, 1.06 atm
Difference : -57.00, Time : 4.10

107591.00 Pa, 1.06 atm
Difference : 676.00, Time : 4.20

107262.00 Pa, 1.06 atm
Difference : -329.00, Time : 4.30

107064.00 Pa, 1.06 atm
Difference : -198.00, Time : 4.40

106811.00 Pa, 1.05 atm
Difference : -253.00, Time : 4.50

107288.00 Pa, 1.06 atm
Difference : 477.00, Time : 4.60

104397.00 Pa, 1.03 atm
Difference : -2891.00, Time : 4.70

94853.00 Pa, 0.94 atm
Difference : -9544.00, Time : 4.80

95076.00 Pa, 0.94 atm
Difference : 223.00, Time : 4.90

95087.00 Pa, 0.94 atm
Difference : 11.00, Time : 5.00

95099.00 Pa, 0.94 atm
Difference : 12.00, Time : 5.10

95099.00 Pa, 0.94 atm
Difference : 0.00, Time : 5.20

95096.00 Pa, 0.94 atm
Difference : -3.00, Time : 5.30

95099.00 Pa, 0.94 atm
Difference : 3.00, Time : 5.40

95101.00 Pa, 0.94 atm
Difference : 2.00, Time : 5.50

95096.00 Pa, 0.94 atm
Difference : -5.00, Time : 5.60

95102.00 Pa, 0.94 atm
Difference : 6.00, Time : 5.70

95099.00 Pa, 0.94 atm
Difference : -3.00, Time : 5.80

95104.00 Pa, 0.94 atm
Difference : 5.00, Time : 5.90

95103.00 Pa, 0.94 atm
Difference : -1.00, Time : 6.00

95101.00 Pa, 0.94 atm
Difference : -2.00, Time : 6.10

95101.00 Pa, 0.94 atm
Difference : 0.00, Time : 6.20

95102.00 Pa, 0.94 atm
Difference : 1.00, Time : 6.30

95099.00 Pa, 0.94 atm
Difference : -3.00, Time : 6.40

9