=~=~=~=~=~=~=~=~=~=~=~= PuTTY log 2023.05.20 20:28:42 =~=~=~=~=~=~=~=~=~=~=~=
tm
Difference : 4.00, Time : 168.20

95108.00 Pa, 0.94 atm
Difference : -3.00, Time : 168.30

68.10

95111.00 Pa, 0.94 atm
Difference : 4.00, Time : 168.20

95108.00 Pa, 0.94 atm
Difference : -3.00, Time : 168.30

68.10

95111.00 Pa, 0.94 atm
Difference : 4.00, Time : 168.20

95108.00 Pa, 0.94 atm
Difference : -3.00, Time : 168.30

95108.00 Pa, 0.94 atm
Difference : 95108.00, Time : 0.00

95104.00 Pa, 0.94 atm
Difference : -4.00, Time : 0.10

95107.00 Pa, 0.94 atm
Difference : 3.00, Time : 0.20

95110.00 Pa, 0.94 atm
Difference : 3.00, Time : 0.30

95107.00 Pa, 0.94 atm
Difference : -3.00, Time : 0.40

95114.00 Pa, 0.94 atm
Difference : 7.00, Time : 0.50

95111.00 Pa, 0.94 atm
Difference : -3.00, Time : 0.60

95112.00 Pa, 0.94 atm
Difference : 1.00, Time : 0.70

95108.00 Pa, 0.94 atm
Difference : -4.00, Time : 0.80

95108.00 Pa, 0.94 atm
Difference : 0.00, Time : 0.90

95116.00 Pa, 0.94 atm
Difference : 8.00, Time : 1.00

95117.00 Pa, 0.94 atm
Difference : 1.00, Time : 1.10

95115.00 Pa, 0.94 atm
Difference : -2.00, Time : 1.20

95112.00 Pa, 0.94 atm
Difference : -3.00, Time : 1.30

95116.00 Pa, 0.94 atm
Difference : 4.00, Time : 1.40

95120.00 Pa, 0.94 atm
Difference : 4.00, Time : 1.50

95114.00 Pa, 0.94 atm
Difference : -6.00, Time : 1.60

95114.00 Pa, 0.94 atm
Difference : 0.00, Time : 1.70

95114.00 Pa, 0.94 atm
Difference : 0.00, Time : 1.80

95113.00 Pa, 0.94 atm
Difference : -1.00, Time : 1.90

95113.00 Pa, 0.94 atm
Difference : 0.00, Time : 2.00

95119.00 Pa, 0.94 atm
Difference : 6.00, Time : 2.10

95114.00 Pa, 0.94 atm
Difference : -5.00, Time : 2.20

95081.00 Pa, 0.94 atm
Difference : -33.00, Time : 2.30

95025.00 Pa, 0.94 atm
Difference : -56.00, Time : 2.40

95108.00 Pa, 0.94 atm
Difference : 83.00, Time : 2.50

95160.00 Pa, 0.94 atm
Difference : 52.00, Time : 2.60

95146.00 Pa, 0.94 atm
Difference : -14.00, Time : 2.70

95146.00 Pa, 0.94 atm
Difference : 0.00, Time : 2.80

95117.00 Pa, 0.94 atm
Difference : -29.00, Time : 2.90

95070.00 Pa, 0.94 atm
Difference : -47.00, Time : 3.00

95067.00 Pa, 0.94 atm
Difference : -3.00, Time : 3.10

95070.00 Pa, 0.94 atm
Difference : 3.00, Time : 3.20

95075.00 Pa, 0.94 atm
Difference : 5.00, Time : 3.30

95053.00 Pa, 0.94 atm
Difference : -22.00, Time : 3.40

95075.00 Pa, 0.94 atm
Difference : 22.00, Time : 3.50

95288.00 Pa, 0.94 atm
Difference : 213.00, Time : 3.60

97794.00 Pa, 0.97 atm
Difference : 2506.00, Time : 3.70

99062.00 Pa, 0.98 atm
Difference : 1268.00, Time : 3.80

100549.00 Pa, 0.99 atm
Difference : 1487.00, Time : 3.90

103080.00 Pa, 1.02 atm
Difference : 2531.00, Time : 4.00

104886.00 Pa, 1.04 atm
Difference : 1806.00, Time : 4.10

105119.00 Pa, 1.04 atm
Difference : 233.00, Time : 4.20

105072.00 Pa, 1.04 atm
Difference : -47.00, Time : 4.30

104906.00 Pa, 1.04 atm
Difference : -166.00, Time : 4.40

104696.00 Pa, 1.03 atm
Difference : -210.00, Time : 4.50

104686.00 Pa, 1.03 atm
Difference : -10.00, Time : 4.60

104510.00 Pa, 1.03 atm
Difference : -176.00, Time : 4.70

104741.00 Pa, 1.03 atm
Difference : 231.00, Time : 4.80

104686.00 Pa, 1.03 atm
Difference : -55.00, Time : 4.90

105058.00 Pa, 1.04 atm
Difference : 372.00, Time : 5.00

104836.00 Pa, 1.03 atm
Difference : -222.00, Time : 5.10

104919.00 Pa, 1.04 atm
Difference : 83.00, Time : 5.20

104504.00 Pa, 1.03 atm
Difference : -415.00, Time : 5.30

105179.00 Pa, 1.04 atm
Difference : 675.00, Time : 5.40

104844.00 Pa, 1.03 atm
Difference : -335.00, Time : 5.50

105183.00 Pa, 1.04 atm
Difference : 339.00, Time : 5.60

104634.00 Pa, 1.03 atm
Difference : -549.00, Time : 5.70

104788.00 Pa, 1.03 atm
Difference : 154.00, Time : 5.80

104988.00 Pa, 1.04 atm
Difference : 200.00, Time : 5.90

104968.00 Pa, 1.04 atm
Difference : -20.00, Time : 6.00

96053.00 Pa, 0.95 atm
Difference : -8915.00, Time : 6.10

95107.00 Pa, 0.94 atm
Difference : -946.00, Time : 6.20

95111.00 Pa, 0.94 atm
Difference : 4.00, Time : 6.30

95105.00 Pa, 0.94 atm
Difference : -6.00, Time : 6.40

95102.00 Pa, 0.94 atm
Difference : -3.00, Time : 6.50

95108.00 Pa, 0.94 atm
Difference : 6.00, Time : 6.60

95112.00 Pa, 0.94 atm
Difference : 4.00, Time : 6.70

95112.00 Pa, 0.94 atm
Difference : 0.00, Time : 6.80

95116.00 Pa, 0.94 atm
Difference : 4.00, Time : 6.90

95114.00 Pa, 0.94 atm
Difference : -2.00, Time : 7.00

95111.00 Pa, 0.94 atm
Difference : -3.00, Time : 7.10

95110.00 Pa, 0.94 atm
Difference : -1.00, Time : 7.20

95114.00 Pa, 0.94 atm
Difference : 4.00, Time : 7.30

95114.00 Pa, 0.94 atm
Difference : 0.00, Time : 7.40

95117.00 Pa, 0.94 atm
Difference : 3.00, Time : 7.50

95113.00 Pa, 0.94 atm
Difference : -4.00, Time : 7.60

9