=~=~=~=~=~=~=~=~=~=~=~= PuTTY log 2023.05.18 23:29:39 =~=~=~=~=~=~=~=~=~=~=~=
Pr 44.70

 -1, Time : 44.50

Pressure = 95027 Pa
Difference : -5, Time : 44.60

Pressure = 95035 Pa
Difference : 8, Time : 44.70

PPressure = 96248 Pa
Difference : 96248, Time : 0.00

Pressure = 98239 Pa
Difference : 1991, Time : 0.10

Pressure = 98968 Pa
Difference : 729, Time : 0.20

Pressure = 99733 Pa
Difference : 765, Time : 0.30

Pressure = 100489 Pa
Difference : 756, Time : 0.40

Pressure = 101346 Pa
Difference : 857, Time : 0.50

Pressure = 102040 Pa
Difference : 694, Time : 0.60

Pressure = 103193 Pa
Difference : 1153, Time : 0.70

Pressure = 103701 Pa
Difference : 508, Time : 0.80

Pressure = 103751 Pa
Difference : 50, Time : 0.90

Pressure = 103894 Pa
Difference : 143, Time : 1.00

Pressure = 103857 Pa
Difference : -37, Time : 1.10

Pressure = 103766 Pa
Difference : -91, Time : 1.20

Pressure = 103685 Pa
Difference : -81, Time : 1.30

Pressure = 103906 Pa
Difference : 221, Time : 1.40

Pressure = 103848 Pa
Difference : -58, Time : 1.50

Pressure = 103930 Pa
Difference : 82, Time : 1.60

Pressure = 103667 Pa
Difference : -263, Time : 1.70

Pressure = 103837 Pa
Difference : 170, Time : 1.80

Pressure = 103703 Pa
Difference : -134, Time : 1.90

Pressure = 103835 Pa
Difference : 132, Time : 2.00

Pressure = 103515 Pa
Difference : -320, Time : 2.10

Pressure = 103543 Pa
Difference : 28, Time : 2.20

Pressure = 103553 Pa
Difference : 10, Time : 2.30

Pressure = 103658 Pa
Difference : 105, Time : 2.40

Pressure = 104009 Pa
Difference : 351, Time : 2.50

Pressure = 103934 Pa
Difference : -75, Time : 2.60

Pressure = 98556 Pa
Difference : -5378, Time : 2.70

Pressure = 95038 Pa
Difference : -3518, Time : 2.80

Pressure = 95033 Pa
Difference : -5, Time : 2.90

Pressure = 95030 Pa
Difference : -3, Time : 3.00

Pressure = 95031 Pa
Difference : 1, Time : 3.10

Pressure = 95036 Pa
Difference : 5, Time : 3.20

Pressure = 95031 Pa
Difference : -5, Time : 3.30

Pressure = 95037 Pa
Difference : 6, Time : 3.40

Pressure = 95037 Pa
Difference : 0, Time : 3.50

Pressure = 95033 Pa
Difference : -4, Time : 3.60

Pressure = 95031 Pa
Difference : -2, Time : 3.70

Pressure = 95028 Pa
Difference : -3, Time : 3.80

Pressure = 95035 Pa
Difference : 7, Time : 3.90

Pressure = 95035 Pa
Difference : 0, Time : 4.00

Pressure = 95032 Pa
Difference : -3, Time : 4.10

Pressure = 95030 Pa
Difference : -2, Time : 4.20

Pressure = 95031 Pa
Difference : 1, Time : 4.30

Pressure = 95029 Pa
Difference : -2, Time : 4.40

Pressure = 95025 Pa
Difference : -4, Time : 4.50

Pressure = 95034 Pa
Difference : 9, Time : 4.60

Pressure = 95031 Pa
Difference : -3, Time : 4.70

Pressure = 95039 Pa
Difference : 8, Time : 4.80

Pressure = 95034 Pa
Difference : -5, Time : 4.90

Pressure = 95039 Pa
Difference : 5, Time : 5.00

Pressure = 95035 Pa
Difference : -4, Time : 5.10

Pressure = 95034 Pa
Difference : -1, Time : 5.20

Pressure = 95035 Pa
Difference : 1, Time : 5.30

Pressure = 95040 Pa
Difference : 5, Time : 5.40

Pressure = 95033 Pa
Difference : -7, Time : 5.50

Pressure = 95028 Pa
Difference : -5, Time : 5.60

Pressure = 95036 Pa
Difference : 8, Time : 5.70

P