=~=~=~=~=~=~=~=~=~=~=~= PuTTY log 2023.05.18 23:30:37 =~=~=~=~=~=~=~=~=~=~=~=
0
Pa
Difference : -1, Time : 41.80

Pressure = 95034 Pa
Difference : 0, Time : 41.90

Pressure =  41.70

Pressure = 95034 Pa
Difference : -1, Time : 41.80

Pressure = 95034 Pa
Difference : 0, Time : 41.90

Pressure = Pressure = 95038 Pa
Difference : 95038, Time : 0.00

Pressure = 96199 Pa
Difference : 1161, Time : 0.10

Pressure = 99607 Pa
Difference : 3408, Time : 0.20

Pressure = 101119 Pa
Difference : 1512, Time : 0.30

Pressure = 102725 Pa
Difference : 1606, Time : 0.40

Pressure = 103883 Pa
Difference : 1158, Time : 0.50

Pressure = 104638 Pa
Difference : 755, Time : 0.60

Pressure = 105144 Pa
Difference : 506, Time : 0.70

Pressure = 105374 Pa
Difference : 230, Time : 0.80

Pressure = 105820 Pa
Difference : 446, Time : 0.90

Pressure = 106371 Pa
Difference : 551, Time : 1.00

Pressure = 106780 Pa
Difference : 409, Time : 1.10

Pressure = 107806 Pa
Difference : 1026, Time : 1.20

Pressure = 107918 Pa
Difference : 112, Time : 1.30

Pressure = 107615 Pa
Difference : -303, Time : 1.40

Pressure = 107615 Pa
Difference : 0, Time : 1.50

Pressure = 107320 Pa
Difference : -295, Time : 1.60

Pressure = 107313 Pa
Difference : -7, Time : 1.70

Pressure = 107132 Pa
Difference : -181, Time : 1.80

Pressure = 107030 Pa
Difference : -102, Time : 1.90

Pressure = 106446 Pa
Difference : -584, Time : 2.00

Pressure = 106245 Pa
Difference : -201, Time : 2.10

Pressure = 106052 Pa
Difference : -193, Time : 2.20

Pressure = 104822 Pa
Difference : -1230, Time : 2.30

Pressure = 103124 Pa
Difference : -1698, Time : 2.40

Pressure = 95977 Pa
Difference : -7147, Time : 2.50

Pressure = 95019 Pa
Difference : -958, Time : 2.60

Pressure = 95034 Pa
Difference : 15, Time : 2.70

Pressure = 95040 Pa
Difference : 6, Time : 2.80

Pressure = 95030 Pa
Difference : -10, Time : 2.90

Pressure = 95035 Pa
Difference : 5, Time : 3.00

Pressure = 95036 Pa
Difference : 1, Time : 3.10

Pressure = 95027 Pa
Difference : -9, Time : 3.20

Pressure = 95027 Pa
Difference : 0, Time : 3.30

Pressure = 95021 Pa
Difference : -6, Time : 3.40

Pressure = 95031 Pa
Difference : 10, Time : 3.50

Pressure = 95025 Pa
Difference : -6, Time : 3.60

Pressure = 95026 Pa
Difference : 1, Time : 3.70

Pressure = 95028 Pa
Difference : 2, Time : 3.80

Pressure = 95028 Pa
Difference : 0, Time : 3.90

Pressure = 95024 Pa
Difference : -4, Time : 4.00

Pressure = 95026 Pa
Difference : 2, Time : 4.10

Pressure = 95025 Pa
Difference : -1, Time : 4.20

Pressure = 95032 Pa
Difference : 7, Time : 4.30

Pressure = 95036 Pa
Difference : 4, Time : 4.40

Pressure = 95038 Pa
Difference : 2, Time : 4.50

Pressure = 95028 Pa
Difference : -10, Time : 4.60

Pressure = 95027 Pa
Difference : -1, Time : 4.70

Pressure = 95038 Pa
Difference : 11, Time : 4.80

Pressure = 95030 Pa
Difference : -8, Time : 4.90

Pressure = 95030 Pa
Difference : 0, Time : 5.00

Pressure = 95028 Pa
Difference : -2, Time : 5.10

Pressure = 95032 Pa
Difference : 4, Time : 5.20

Pressure = 95031 Pa
Difference : -1, Time : 5.30

Pressure = 95020 Pa
Difference : -11, Time : 5.40

Pressure = 95029 Pa
Difference : 9, Time : 5.5