=~=~=~=~=~=~=~=~=~=~=~= PuTTY log 2023.05.18 23:21:16 =~=~=~=~=~=~=~=~=~=~=~=
Pressure = 95039 Pa
Difference : 1, Time : 83.00

Pressure = 95035 Pa
Difference : -4, Time : 83.10e : 11, Time : 82.90

Pressure = 95039 Pa
Difference : 1, Time : 83.00

Pressure = 95035 Pa
Difference : -4, Time : 83.10Pressure = 94988 Pa
Difference : 94988, Time : 0.00

Pressure = 94994 Pa
Difference : 6, Time : 0.10

Pressure = 95021 Pa
Difference : 27, Time : 0.20

Pressure = 95046 Pa
Difference : 25, Time : 0.30

Pressure = 97129 Pa
Difference : 2083, Time : 0.40

Pressure = 98690 Pa
Difference : 1561, Time : 0.50

Pressure = 99467 Pa
Difference : 777, Time : 0.60

Pressure = 100128 Pa
Difference : 661, Time : 0.70

Pressure = 100812 Pa
Difference : 684, Time : 0.80

Pressure = 101790 Pa
Difference : 978, Time : 0.90

Pressure = 102531 Pa
Difference : 741, Time : 1.00

Pressure = 103168 Pa
Difference : 637, Time : 1.10

Pressure = 103748 Pa
Difference : 580, Time : 1.20

Pressure = 104742 Pa
Difference : 994, Time : 1.30

Pressure = 105410 Pa
Difference : 668, Time : 1.40

Pressure = 105170 Pa
Difference : -240, Time : 1.50

Pressure = 105187 Pa
Difference : 17, Time : 1.60

Pressure = 105052 Pa
Difference : -135, Time : 1.70

Pressure = 104792 Pa
Difference : -260, Time : 1.80

Pressure = 104758 Pa
Difference : -34, Time : 1.90

Pressure = 104604 Pa
Difference : -154, Time : 2.00

Pressure = 105634 Pa
Difference : 1030, Time : 2.10

Pressure = 98216 Pa
Difference : -7418, Time : 2.20

Pressure = 95027 Pa
Difference : -3189, Time : 2.30

Pressure = 95014 Pa
Difference : -13, Time : 2.40

Pressure = 95008 Pa
Difference : -6, Time : 2.50

Pressure = 94996 Pa
Difference : -12, Time : 2.60

Pressure = 94993 Pa
Difference : -3, Time : 2.70

Pressure = 94998 Pa
Difference : 5, Time : 2.80

Pressure = 95020 Pa
Difference : 22, Time : 2.90

Pressure = 95032 Pa
Difference : 12, Time : 3.00

Pressure = 95038 Pa
Difference : 6, Time : 3.10

Pressure = 95577 Pa
Difference : 539, Time : 3.20

Pressure = 98508 Pa
Difference : 2931, Time : 3.30

Pressure = 100629 Pa
Difference : 2121, Time : 3.40

Pressure = 101655 Pa
Difference : 1026, Time : 3.50

Pressure = 102597 Pa
Difference : 942, Time : 3.60

Pressure = 103353 Pa
Difference : 756, Time : 3.70

Pressure = 103996 Pa
Difference : 643, Time : 3.80

Pressure = 104966 Pa
Difference : 970, Time : 3.90

Pressure = 104938 Pa
Difference : -28, Time : 4.00

Pressure = 104740 Pa
Difference : -198, Time : 4.10

Pressure = 104701 Pa
Difference : -39, Time : 4.20

Pressure = 104276 Pa
Difference : -425, Time : 4.30

Pressure = 104972 Pa
Difference : 696, Time : 4.40

Pressure = 104942 Pa
Difference : -30, Time : 4.50

Pressure = 104879 Pa
Difference : -63, Time : 4.60

Pressure = 104942 Pa
Difference : 63, Time : 4.70

Pressure = 105246 Pa
Difference : 304, Time : 4.80

Pressure = 105485 Pa
Difference : 239, Time : 4.90

Pressure = 97499 Pa
Difference : -7986, Time : 5.00

Pressure = 94929 Pa
Difference : -2570, Time : 5.10

Pressure = 95035 Pa
Difference : 106, Time : 5.20

Pressure = 95039 Pa
Difference : 4, Time : 5.30

Pressure = 95038 Pa
Difference : -1, Time : 5.40

Pressure = 95038 Pa
Difference : 0, Time : 5.50

Pressure = 95038 Pa
Difference : 0, Time : 5.60

Pressure = 95030 Pa
Difference : -8, Time : 5.70

Pressure = 95035 Pa
Difference : 5, Time : 5.80

Pressure = 95038 Pa
Difference : 3, Time : 5.90

Pressure = 95033 Pa
Difference : -5, Time : 6.00

Pressure = 95035 Pa
Difference : 2, Time : 6.10

Pressure = 95038 Pa
Difference : 3, Time : 6.20

Pressure = 95039 Pa
Difference : 1, Time : 6.30

Pressure = 95033 Pa
Difference : -6, Time : 6.40

Pressure = 95039 Pa
Difference : 6, Time : 6.50

Pressure = 95038 Pa
Difference : -1, Time : 6.60

Pressure = 95032 Pa
Difference : -6, Time : 6.70

Pressure = 95038 Pa
Difference : 6, Time : 6.80

Pressure = 95037 Pa
Difference : -1, Time : 6.90

Pressure = 95032 Pa
Difference : -5, Time : 7.00

Pressure = 95034 Pa
Difference : 2, Time : 7.10

Pressure = 95035 Pa
Difference : 1, Time : 7.20

Pressure = 95034 Pa
Difference : -1, Time : 7.30

Pressure = 95035 Pa
Difference : 1, Time : 7.40

Pressure = 95041 Pa
Difference : 6, Time : 7.50

Pressure = 95030 Pa
Difference : -11, Time : 7.60

Pressure = 95035 Pa
Difference : 5, Time : 7.70

Pressure = 95035 Pa
Difference : 0, Time : 7.80

Pressure = 95035 Pa
Difference : 0, Time : 7.90

Pressure = 95040 Pa
Difference : 5, Time : 8.00

Pressure = 95035 Pa
Difference : -5, Time : 8.10

Pressure = 95034 Pa
Difference : -1, Time : 8.20

Pressure = 95035 Pa
Difference : 1, Time : 8.30

P